<?xml version="1.0" encoding="UTF-8"?>
<testng-results skipped="0" failed="5" ignored="0" total="96" passed="91">
  <reporter-output>
  </reporter-output>
  <suite name="Sprint" duration-ms="20455952" started-at="2021-12-14T18:11:56Z" finished-at="2021-12-14T23:52:52Z">
    <groups>
      <group name="group1">
        <method signature="LQ2067.test_LQ2067(java.util.HashMap)[pri:0, instance:com.livingtree.tests.LQ2067@2898ac89]" name="test_LQ2067" class="com.livingtree.tests.LQ2067"/>
        <method signature="LQ2136.test_LQ2136(java.util.HashMap)[pri:0, instance:com.livingtree.tests.LQ2136@683dbc2c]" name="test_LQ2136" class="com.livingtree.tests.LQ2136"/>
      </group> <!-- group1 -->
    </groups>
    <test name="Sprint-Tests" duration-ms="20455952" started-at="2021-12-14T18:11:56Z" finished-at="2021-12-14T23:52:52Z">
      <class name="com.livingtree.tests.LQ4329_SchedulePhotoPost">
        <test-method status="PASS" signature="beforeMethod()[pri:0, instance:com.livingtree.tests.LQ4329_SchedulePhotoPost@2a266d09]" name="beforeMethod" is-config="true" duration-ms="1283" started-at="2021-12-14T21:54:08Z" finished-at="2021-12-14T21:54:09Z">
          <reporter-output>
          </reporter-output>
        </test-method> <!-- beforeMethod -->
        <test-method status="PASS" signature="test_LQ4329SchedulePhotoPost(java.util.HashMap)[pri:0, instance:com.livingtree.tests.LQ4329_SchedulePhotoPost@2a266d09]" name="test_LQ4329SchedulePhotoPost" duration-ms="363739" started-at="2021-12-14T21:54:09Z" description="Verify the visibility of Engagement coefficient for a post (post score) in Conversations screen" data-provider="getExcelTestData" finished-at="2021-12-14T22:00:13Z">
          <params>
            <param index="0">
              <value>
                <![CDATA[{FilePath=\src\test\resources\Files\Uploads\File\DistrictsToDelete.xlsx, GroupName=PK Homeroom, Comment1=Comment test by automation, StwoPParent=arnesia.s.carter@gmail.com, Comment2=Comment2 test by automation, VideoPath=\src\test\resources\Files\Uploads\Videos\video.mp4, StudentOne=525630@nnschools.org, Message=LQ-4328 test by Automation, Teacher=katherine.thomashel@nn.k12.va.us, Subject=LA-11993 LQ-4328, CountFES2=29, StwoSParent=arnesia.s.carter@gmail.com, CountFES1=14, ParentCountFES2=40, PhotoPath=\src\test\resources\Files\Uploads\Images\Car.jpg, TeacherFESScore=33, StudentTwo=526032@nnschools.org, SonePParent=jpatt0554@gmail.com, SoneSParent=jpatt0554@gmail.com, Principal=katherine.thomashel@nn.k12.va.us, TeacherName=Katherine Thomas Hellmuth, Password=JabDg$m6R@+6}]]>
              </value>
            </param>
          </params>
          <reporter-output>
          </reporter-output>
        </test-method> <!-- test_LQ4329SchedulePhotoPost -->
        <test-method status="PASS" signature="afterMethod()[pri:0, instance:com.livingtree.tests.LQ4329_SchedulePhotoPost@2a266d09]" name="afterMethod" is-config="true" duration-ms="2548" started-at="2021-12-14T22:00:13Z" finished-at="2021-12-14T22:00:16Z">
          <reporter-output>
          </reporter-output>
        </test-method> <!-- afterMethod -->
      </class> <!-- com.livingtree.tests.LQ4329_SchedulePhotoPost -->
      <class name="com.livingtree.tests.LQ5275">
        <test-method status="PASS" signature="beforeMethod()[pri:0, instance:com.livingtree.tests.LQ5275@41c2284a]" name="beforeMethod" is-config="true" duration-ms="1300" started-at="2021-12-14T23:35:29Z" finished-at="2021-12-14T23:35:30Z">
          <reporter-output>
          </reporter-output>
        </test-method> <!-- beforeMethod -->
        <test-method status="PASS" signature="test_LQ5275(java.util.HashMap)[pri:0, instance:com.livingtree.tests.LQ5275@41c2284a]" name="test_LQ5275" duration-ms="382099" started-at="2021-12-14T23:35:30Z" description="TC-Web : While sharing the video post &quot;Type Message&quot; box along with content is displayed in Create Post screen." data-provider="getExcelTestData" finished-at="2021-12-14T23:41:53Z">
          <params>
            <param index="0">
              <value>
                <![CDATA[{GroupName=jamesschool, =, Comment=Comment test LQ5230, UserName=gill01.john01@mailinator.com, VideoPath=\src\test\resources\Files\Uploads\Videos\video.mp4, Message=LQ-5275 test by Automation, Teacher=teacher2james@mailinator.com, Student=student1james@mailinator.com, Subject=LQ-5275 test by Automation, Password=JabDg$m6R@+6}]]>
              </value>
            </param>
          </params>
          <reporter-output>
          </reporter-output>
        </test-method> <!-- test_LQ5275 -->
        <test-method status="PASS" signature="afterMethod()[pri:0, instance:com.livingtree.tests.LQ5275@41c2284a]" name="afterMethod" is-config="true" duration-ms="2547" started-at="2021-12-14T23:41:53Z" finished-at="2021-12-14T23:41:56Z">
          <reporter-output>
          </reporter-output>
        </test-method> <!-- afterMethod -->
      </class> <!-- com.livingtree.tests.LQ5275 -->
      <class name="com.livingtree.tests.LQ4141">
        <test-method status="PASS" signature="beforeMethod()[pri:0, instance:com.livingtree.tests.LQ4141@17a7f733]" name="beforeMethod" is-config="true" duration-ms="1266" started-at="2021-12-14T19:20:54Z" finished-at="2021-12-14T19:20:55Z">
          <reporter-output>
          </reporter-output>
        </test-method> <!-- beforeMethod -->
        <test-method status="PASS" signature="test_LQ4141(java.util.HashMap)[pri:0, instance:com.livingtree.tests.LQ4141@17a7f733]" name="test_LQ4141" duration-ms="68825" started-at="2021-12-14T19:20:55Z" description="Verify that the lion icon is removed from the auto-translated email notification for the created post" data-provider="getExcelTestData" finished-at="2021-12-14T19:22:04Z">
          <params>
            <param index="0">
              <value>
                <![CDATA[{UserName=jclay@asdms.us, Password=JabDg$m6R@+6}]]>
              </value>
            </param>
          </params>
          <reporter-output>
          </reporter-output>
        </test-method> <!-- test_LQ4141 -->
        <test-method status="PASS" signature="afterMethod()[pri:0, instance:com.livingtree.tests.LQ4141@17a7f733]" name="afterMethod" is-config="true" duration-ms="2535" started-at="2021-12-14T19:22:04Z" finished-at="2021-12-14T19:22:06Z">
          <reporter-output>
          </reporter-output>
        </test-method> <!-- afterMethod -->
      </class> <!-- com.livingtree.tests.LQ4141 -->
      <class name="com.livingtree.tests.LQ4340">
        <test-method status="PASS" signature="beforeMethod()[pri:0, instance:com.livingtree.tests.LQ4340@1d8bd0de]" name="beforeMethod" is-config="true" duration-ms="1263" started-at="2021-12-14T22:15:34Z" finished-at="2021-12-14T22:15:35Z">
          <reporter-output>
          </reporter-output>
        </test-method> <!-- beforeMethod -->
        <test-method status="PASS" signature="test_LQ4340(java.util.HashMap)[pri:0, instance:com.livingtree.tests.LQ4340@1d8bd0de]" name="test_LQ4340" duration-ms="172656" started-at="2021-12-14T22:15:35Z" description="Verify sent messages in Sent Messages tab" data-provider="getExcelTestData" finished-at="2021-12-14T22:18:28Z">
          <params>
            <param index="0">
              <value>
                <![CDATA[{GroupName=PK Homeroom, Comment1=Comment test by automation, FilePath=\src\test\resources\Files\Uploads\File\DistrictsToDelete.xlsx, Comment2=Comment2 test by automation, StudentOne=studentliveschool@mailinator.com, VideoPath=\src\test\resources\Files\Uploads\Videos\video.mp4, Message=message test by Automation, Teacher=William3.Blake3@mailinator.com, StudentTwoName=Zhendaya Beckwith, PrincipalName=ashwini7 kallimath7, Subject=Automation, CountFES2=29.0, CountFES1=14.0, PhotoPath=\src\test\resources\Files\Uploads\Images\Car.jpg, StudentTwo=526032@nnschools.org, StudentOneName=stuliveschool sliveschool, Principal=ashwini7.kallimath7@mailinator.com, TeacherName=William3 Blake3, Password=JabDg$m6R@+6}]]>
              </value>
            </param>
          </params>
          <reporter-output>
          </reporter-output>
        </test-method> <!-- test_LQ4340 -->
        <test-method status="PASS" signature="afterMethod()[pri:0, instance:com.livingtree.tests.LQ4340@1d8bd0de]" name="afterMethod" is-config="true" duration-ms="2546" started-at="2021-12-14T22:18:28Z" finished-at="2021-12-14T22:18:31Z">
          <reporter-output>
          </reporter-output>
        </test-method> <!-- afterMethod -->
      </class> <!-- com.livingtree.tests.LQ4340 -->
      <class name="com.livingtree.tests.LQ3130">
        <test-method status="PASS" signature="beforeMethod()[pri:0, instance:com.livingtree.tests.LQ3130@610f7aa]" name="beforeMethod" is-config="true" duration-ms="1265" started-at="2021-12-14T19:03:57Z" finished-at="2021-12-14T19:03:58Z">
          <reporter-output>
          </reporter-output>
        </test-method> <!-- beforeMethod -->
        <test-method status="PASS" signature="test_LQ3130(java.util.HashMap)[pri:0, instance:com.livingtree.tests.LQ3130@610f7aa]" name="test_LQ3130" duration-ms="246044" started-at="2021-12-14T19:03:58Z" description="Verify the Photo download option is available for admins of Org/Class/League/Adult group" data-provider="getExcelTestData" finished-at="2021-12-14T19:08:04Z">
          <params>
            <param index="0">
              <value>
                <![CDATA[{GroupName=PK Homeroom, PhotoPath=\src\test\resources\Files\Uploads\Images\Car.jpg, Message=Photo post, Teacher=katherine.thomashel@nn.k12.va.us, CoAdmin=Lauren.Gray@nn.k12.va.us, Subject=LQ3130 photo post, Password=JabDg$m6R@+6}]]>
              </value>
            </param>
          </params>
          <reporter-output>
          </reporter-output>
        </test-method> <!-- test_LQ3130 -->
        <test-method status="PASS" signature="afterMethod()[pri:0, instance:com.livingtree.tests.LQ3130@610f7aa]" name="afterMethod" is-config="true" duration-ms="2546" started-at="2021-12-14T19:08:04Z" finished-at="2021-12-14T19:08:06Z">
          <reporter-output>
          </reporter-output>
        </test-method> <!-- afterMethod -->
      </class> <!-- com.livingtree.tests.LQ3130 -->
      <class name="com.livingtree.tests.LQ5230">
        <test-method status="PASS" signature="beforeMethod()[pri:0, instance:com.livingtree.tests.LQ5230@55f616cf]" name="beforeMethod" is-config="true" duration-ms="1256" started-at="2021-12-14T23:28:50Z" finished-at="2021-12-14T23:28:51Z">
          <reporter-output>
          </reporter-output>
        </test-method> <!-- beforeMethod -->
        <test-method status="PASS" signature="test_LQ5230(java.util.HashMap)[pri:0, instance:com.livingtree.tests.LQ5230@55f616cf]" name="test_LQ5230" duration-ms="41614" started-at="2021-12-14T23:28:51Z" description="TC-UI/UX | As a user, when clicking another user&#039;s profile image, I should routed to his or her profile" data-provider="getExcelTestData" finished-at="2021-12-14T23:29:33Z">
          <params>
            <param index="0">
              <value>
                <![CDATA[{GroupName=jamesschool, =, Comment=Comment test LQ5230, UserName=gill01.john01@mailinator.com, PhotoPath=\src\test\resources\Files\Uploads\Images\Car.jpg, Message=LQ-5230 test by Automation, Teacher=teacher1james@mailinator.com, Student=student1james@mailinator.com, Subject=LQ-5230 test by Automation, Password=JabDg$m6R@+6}]]>
              </value>
            </param>
          </params>
          <reporter-output>
          </reporter-output>
        </test-method> <!-- test_LQ5230 -->
        <test-method status="PASS" signature="afterMethod()[pri:0, instance:com.livingtree.tests.LQ5230@55f616cf]" name="afterMethod" is-config="true" duration-ms="2562" started-at="2021-12-14T23:29:33Z" finished-at="2021-12-14T23:29:35Z">
          <reporter-output>
          </reporter-output>
        </test-method> <!-- afterMethod -->
      </class> <!-- com.livingtree.tests.LQ5230 -->
      <class name="com.livingtree.tests.LQ4268">
        <test-method status="PASS" signature="beforeMethod()[pri:0, instance:com.livingtree.tests.LQ4268@7c1e2a9e]" name="beforeMethod" is-config="true" duration-ms="1255" started-at="2021-12-14T19:35:40Z" finished-at="2021-12-14T19:35:42Z">
          <reporter-output>
          </reporter-output>
        </test-method> <!-- beforeMethod -->
        <test-method status="PASS" signature="test_LQ4268(java.util.HashMap)[pri:0, instance:com.livingtree.tests.LQ4268@7c1e2a9e]" name="test_LQ4268" duration-ms="97423" started-at="2021-12-14T19:35:42Z" description="Verify that the lion icon is removed from the auto-translated email notification for an Invitation received." data-provider="getExcelTestData" finished-at="2021-12-14T19:37:19Z">
          <params>
            <param index="0">
              <value>
                <![CDATA[{UserName=katherine.thomashel@nn.k12.va.us, childname=ridhi saha, InviteeName=chinmoy.saha001@mailinator.com, env=maple, groupname=PK Homeroom, Subject=chinmoy  Homeroom has invited you to join, Password=JabDg$m6R@+6}]]>
              </value>
            </param>
          </params>
          <reporter-output>
          </reporter-output>
        </test-method> <!-- test_LQ4268 -->
        <test-method status="PASS" signature="afterMethod()[pri:0, instance:com.livingtree.tests.LQ4268@7c1e2a9e]" name="afterMethod" is-config="true" duration-ms="2538" started-at="2021-12-14T19:37:19Z" finished-at="2021-12-14T19:37:22Z">
          <reporter-output>
          </reporter-output>
        </test-method> <!-- afterMethod -->
      </class> <!-- com.livingtree.tests.LQ4268 -->
      <class name="com.livingtree.tests.LQ2165">
        <test-method status="PASS" signature="beforeMethod()[pri:0, instance:com.livingtree.tests.LQ2165@6ff29830]" name="beforeMethod" is-config="true" duration-ms="1881" started-at="2021-12-14T18:37:52Z" finished-at="2021-12-14T18:37:54Z">
          <reporter-output>
          </reporter-output>
        </test-method> <!-- beforeMethod -->
        <test-method status="PASS" signature="test_LQ2165(java.util.HashMap)[pri:0, instance:com.livingtree.tests.LQ2165@6ff29830]" name="test_LQ2165" duration-ms="101427" started-at="2021-12-14T18:37:54Z" description="change the password" data-provider="getExcelTestData" finished-at="2021-12-14T18:39:36Z">
          <params>
            <param index="0">
              <value>
                <![CDATA[{NewPassword=test123, UserName=katherine.thomashel@nn.k12.va.us, OldPassword=JabDg$m6R@+6}]]>
              </value>
            </param>
          </params>
          <reporter-output>
          </reporter-output>
        </test-method> <!-- test_LQ2165 -->
        <test-method status="PASS" signature="afterMethod()[pri:0, instance:com.livingtree.tests.LQ2165@6ff29830]" name="afterMethod" is-config="true" duration-ms="2562" started-at="2021-12-14T18:39:36Z" finished-at="2021-12-14T18:39:38Z">
          <reporter-output>
          </reporter-output>
        </test-method> <!-- afterMethod -->
      </class> <!-- com.livingtree.tests.LQ2165 -->
      <class name="com.livingtree.tests.LQ2164">
        <test-method status="PASS" signature="beforeMethod()[pri:0, instance:com.livingtree.tests.LQ2164@2638011]" name="beforeMethod" is-config="true" duration-ms="1244" started-at="2021-12-14T18:36:00Z" finished-at="2021-12-14T18:36:02Z">
          <reporter-output>
          </reporter-output>
        </test-method> <!-- beforeMethod -->
        <test-method status="PASS" signature="test_LQ2164(java.util.HashMap)[pri:0, instance:com.livingtree.tests.LQ2164@2638011]" name="test_LQ2164" duration-ms="107836" started-at="2021-12-14T18:36:02Z" description="Verify the Edit option icons in Actions column" data-provider="getExcelTestData" finished-at="2021-12-14T18:37:49Z">
          <params>
            <param index="0">
              <value>
                <![CDATA[{User=riyas@aithertechnology.com, schoolname=schoolofindia, Password=JabDg$m6R@+6}]]>
              </value>
            </param>
          </params>
          <reporter-output>
          </reporter-output>
        </test-method> <!-- test_LQ2164 -->
        <test-method status="PASS" signature="afterMethod()[pri:0, instance:com.livingtree.tests.LQ2164@2638011]" name="afterMethod" is-config="true" duration-ms="2562" started-at="2021-12-14T18:37:50Z" finished-at="2021-12-14T18:37:52Z">
          <reporter-output>
          </reporter-output>
        </test-method> <!-- afterMethod -->
      </class> <!-- com.livingtree.tests.LQ2164 -->
      <class name="com.livingtree.tests.LQ4820">
        <test-method status="PASS" signature="beforeMethod()[pri:0, instance:com.livingtree.tests.LQ4820@3cc1435c]" name="beforeMethod" is-config="true" duration-ms="1278" started-at="2021-12-14T22:55:48Z" finished-at="2021-12-14T22:55:50Z">
          <reporter-output>
          </reporter-output>
        </test-method> <!-- beforeMethod -->
        <test-method status="PASS" signature="test_LQ4820(java.util.HashMap)[pri:0, instance:com.livingtree.tests.LQ4820@3cc1435c]" name="test_LQ4820" duration-ms="582618" started-at="2021-12-14T22:55:50Z" description="Web: On de-selecting schedule option for a schedule post during edit of a schedule post, the post still displayed as scheduled" data-provider="getExcelTestData" finished-at="2021-12-14T23:05:32Z">
          <params>
            <param index="0">
              <value>
                <![CDATA[{GroupName=PK Homeroom, Comment1=Comment test by automation, FilePath=\src\test\resources\Files\Uploads\File\DistrictsToDelete.xlsx, Comment2=Comment2 test by automation, StudentOne=525630@nnschools.org, VideoPath=\src\test\resources\Files\Uploads\Videos\video.mp4, Message=LQ-4327 test by Automation, Teacher=katherine.thomashel@nn.k12.va.us, Subject=LA-11993 LQ-4327, CountFES2=14, CountFES1=7, PhotoPath=\src\test\resources\Files\Uploads\Images\Car.jpg, StudentTwo=526032@nnschools.org, Password=JabDg$m6R@+6}]]>
              </value>
            </param>
          </params>
          <reporter-output>
          </reporter-output>
        </test-method> <!-- test_LQ4820 -->
        <test-method status="PASS" signature="afterMethod()[pri:0, instance:com.livingtree.tests.LQ4820@3cc1435c]" name="afterMethod" is-config="true" duration-ms="2546" started-at="2021-12-14T23:05:33Z" finished-at="2021-12-14T23:05:35Z">
          <reporter-output>
          </reporter-output>
        </test-method> <!-- afterMethod -->
      </class> <!-- com.livingtree.tests.LQ4820 -->
      <class name="com.livingtree.tests.LQ4328_ScheduleFilePost">
        <test-method status="PASS" signature="beforeMethod()[pri:0, instance:com.livingtree.tests.LQ4328_ScheduleFilePost@740773a3]" name="beforeMethod" is-config="true" duration-ms="1257" started-at="2021-12-14T20:39:53Z" finished-at="2021-12-14T20:39:55Z">
          <reporter-output>
          </reporter-output>
        </test-method> <!-- beforeMethod -->
        <test-method status="PASS" signature="test_LQ4328ScheduleFilePost(java.util.HashMap)[pri:0, instance:com.livingtree.tests.LQ4328_ScheduleFilePost@740773a3]" name="test_LQ4328ScheduleFilePost" duration-ms="710685" started-at="2021-12-14T20:39:55Z" description="Verify Overall Teacher Engagement Score" data-provider="getExcelTestData" finished-at="2021-12-14T20:51:45Z">
          <params>
            <param index="0">
              <value>
                <![CDATA[{FilePath=\src\test\resources\Files\Uploads\File\DistrictsToDelete.xlsx, GroupName=PK Homeroom, Comment1=Comment test by automation, StwoPParent=arnesia.s.carter@gmail.com, Comment2=Comment2 test by automation, VideoPath=\src\test\resources\Files\Uploads\Videos\video.mp4, StudentOne=525630@nnschools.org, Message=LQ-4328 test by Automation, Teacher=katherine.thomashel@nn.k12.va.us, Subject=LA-11993 LQ-4328, CountFES2=29, StwoSParent=arnesia.s.carter@gmail.com, CountFES1=14, ParentCountFES2=40, PhotoPath=\src\test\resources\Files\Uploads\Images\Car.jpg, TeacherFESScore=33, StudentTwo=526032@nnschools.org, SonePParent=jpatt0554@gmail.com, SoneSParent=jpatt0554@gmail.com, Principal=Lauren.Gray@nn.k12.va.us, TeacherName=Katherine Thomas Hellmuth, Password=JabDg$m6R@+6}]]>
              </value>
            </param>
          </params>
          <reporter-output>
          </reporter-output>
        </test-method> <!-- test_LQ4328ScheduleFilePost -->
        <test-method status="PASS" signature="afterMethod()[pri:0, instance:com.livingtree.tests.LQ4328_ScheduleFilePost@740773a3]" name="afterMethod" is-config="true" duration-ms="2553" started-at="2021-12-14T20:51:46Z" finished-at="2021-12-14T20:51:48Z">
          <reporter-output>
          </reporter-output>
        </test-method> <!-- afterMethod -->
      </class> <!-- com.livingtree.tests.LQ4328_ScheduleFilePost -->
      <class name="com.livingtree.tests.LQ5398">
        <test-method status="PASS" signature="beforeMethod()[pri:0, instance:com.livingtree.tests.LQ5398@8317c52]" name="beforeMethod" is-config="true" duration-ms="1293" started-at="2021-12-14T23:49:57Z" finished-at="2021-12-14T23:49:59Z">
          <reporter-output>
          </reporter-output>
        </test-method> <!-- beforeMethod -->
        <test-method status="PASS" signature="test_LQ5398(java.util.HashMap)[pri:0, instance:com.livingtree.tests.LQ5398@8317c52]" name="test_LQ5398" duration-ms="61267" started-at="2021-12-14T23:49:59Z" description="Potential issue with students being able to message students" data-provider="getExcelTestData" finished-at="2021-12-14T23:51:00Z">
          <params>
            <param index="0">
              <value>
                <![CDATA[{StudentUserName=kteyablan93@gmail.com, ParentName=Jamonica Middlebrooks, StudentName=Marcos Heard, TeacherName=Dawn Smith, Password=JabDg$m6R@+6}]]>
              </value>
            </param>
          </params>
          <reporter-output>
          </reporter-output>
        </test-method> <!-- test_LQ5398 -->
        <test-method status="PASS" signature="afterMethod()[pri:0, instance:com.livingtree.tests.LQ5398@8317c52]" name="afterMethod" is-config="true" duration-ms="2547" started-at="2021-12-14T23:51:00Z" finished-at="2021-12-14T23:51:02Z">
          <reporter-output>
          </reporter-output>
        </test-method> <!-- afterMethod -->
      </class> <!-- com.livingtree.tests.LQ5398 -->
      <class name="com.livingtree.tests.LQ2202">
        <test-method status="PASS" signature="beforeMethod()[pri:0, instance:com.livingtree.tests.LQ2202@548e6d58]" name="beforeMethod" is-config="true" duration-ms="1245" started-at="2021-12-14T18:47:19Z" finished-at="2021-12-14T18:47:20Z">
          <reporter-output>
          </reporter-output>
        </test-method> <!-- beforeMethod -->
        <test-method status="PASS" signature="test_LQ2202(java.util.HashMap, java.lang.reflect.Method)[pri:0, instance:com.livingtree.tests.LQ2202@548e6d58]" name="test_LQ2202" duration-ms="173073" started-at="2021-12-14T18:47:20Z" description="Verify the Sign up with Coach" data-provider="getExcelTestData" finished-at="2021-12-14T18:50:13Z">
          <params>
            <param index="0">
              <value>
                <![CDATA[{Child FirstName=Smith, Child Month=Nov, Email=chinmoy@mailinator.com, Address=Hitech City, Telephone=919014676533, Child Gender=Male, Gender=Male, Month=Nov, Child Year=1999, DOB=06-Nov-1990, Family Name=Living, Password=simple, InviteEmail=Test, FirstName=Chinmoy, ZipCode=500081, InviteMessage=Test Message by Automation, City=Hyderabad, Date=6, ConfirmPassword=simple, TimeZone=Asia/Kolkata, Child LastName=Jhon, Year=1990, Group Name=Group, State=Andhra Pradesh, Child Date=9, Country=India, LastName=saha}]]>
              </value>
            </param>
            <param index="1">
              <value>
                <![CDATA[public void com.livingtree.tests.LQ2202.test_LQ2202(java.util.HashMap,java.lang.reflect.Method)]]>
              </value>
            </param>
          </params>
          <reporter-output>
          </reporter-output>
        </test-method> <!-- test_LQ2202 -->
        <test-method status="PASS" signature="afterMethod()[pri:0, instance:com.livingtree.tests.LQ2202@548e6d58]" name="afterMethod" is-config="true" duration-ms="2562" started-at="2021-12-14T18:50:13Z" finished-at="2021-12-14T18:50:16Z">
          <reporter-output>
          </reporter-output>
        </test-method> <!-- afterMethod -->
      </class> <!-- com.livingtree.tests.LQ2202 -->
      <class name="com.livingtree.tests.LQ5397">
        <test-method status="PASS" signature="beforeMethod()[pri:0, instance:com.livingtree.tests.LQ5397@78ffe6dc]" name="beforeMethod" is-config="true" duration-ms="1258" started-at="2021-12-14T23:48:53Z" finished-at="2021-12-14T23:48:54Z">
          <reporter-output>
          </reporter-output>
        </test-method> <!-- beforeMethod -->
        <test-method status="PASS" signature="test_LQ5397(java.util.HashMap)[pri:0, instance:com.livingtree.tests.LQ5397@78ffe6dc]" name="test_LQ5397" duration-ms="60259" started-at="2021-12-14T23:48:54Z" description="Parents are able to click on name of other parent in Inbox message, and can then message other parents." data-provider="getExcelTestData" finished-at="2021-12-14T23:49:55Z">
          <params>
            <param index="0">
              <value>
                <![CDATA[{ParentUserName=parentrodgers@mailinator.com, ParentName=Jamonica Middlebrooks, StudentName=Marcos Heard, TeacherName=Dawn Smith, Password=JabDg$m6R@+6}]]>
              </value>
            </param>
          </params>
          <reporter-output>
          </reporter-output>
        </test-method> <!-- test_LQ5397 -->
        <test-method status="PASS" signature="afterMethod()[pri:0, instance:com.livingtree.tests.LQ5397@78ffe6dc]" name="afterMethod" is-config="true" duration-ms="2547" started-at="2021-12-14T23:49:55Z" finished-at="2021-12-14T23:49:57Z">
          <reporter-output>
          </reporter-output>
        </test-method> <!-- afterMethod -->
      </class> <!-- com.livingtree.tests.LQ5397 -->
      <class name="com.livingtree.tests.LQ4328_PhotoPost">
        <test-method status="PASS" signature="beforeMethod()[pri:0, instance:com.livingtree.tests.LQ4328_PhotoPost@7748410a]" name="beforeMethod" is-config="true" duration-ms="1277" started-at="2021-12-14T20:33:31Z" finished-at="2021-12-14T20:33:32Z">
          <reporter-output>
          </reporter-output>
        </test-method> <!-- beforeMethod -->
        <test-method status="PASS" signature="test_LQ4328PhotoPost(java.util.HashMap)[pri:0, instance:com.livingtree.tests.LQ4328_PhotoPost@7748410a]" name="test_LQ4328PhotoPost" duration-ms="378645" started-at="2021-12-14T20:33:32Z" description="Verify Overall Teacher Engagement Score" data-provider="getExcelTestData" finished-at="2021-12-14T20:39:50Z">
          <params>
            <param index="0">
              <value>
                <![CDATA[{FilePath=\src\test\resources\Files\Uploads\File\DistrictsToDelete.xlsx, GroupName=PK Homeroom, Comment1=Comment test by automation, StwoPParent=arnesia.s.carter@gmail.com, Comment2=Comment2 test by automation, VideoPath=\src\test\resources\Files\Uploads\Videos\video.mp4, StudentOne=525630@nnschools.org, Message=LQ-4328 test by Automation, Teacher=katherine.thomashel@nn.k12.va.us, Subject=LA-11993 LQ-4328, CountFES2=29, StwoSParent=arnesia.s.carter@gmail.com, CountFES1=14, ParentCountFES2=40, PhotoPath=\src\test\resources\Files\Uploads\Images\Car.jpg, TeacherFESScore=33, StudentTwo=526032@nnschools.org, SonePParent=jpatt0554@gmail.com, SoneSParent=jpatt0554@gmail.com, Principal=Lauren.Gray@nn.k12.va.us, TeacherName=Katherine Thomas Hellmuth, Password=JabDg$m6R@+6}]]>
              </value>
            </param>
          </params>
          <reporter-output>
          </reporter-output>
        </test-method> <!-- test_LQ4328PhotoPost -->
        <test-method status="PASS" signature="afterMethod()[pri:0, instance:com.livingtree.tests.LQ4328_PhotoPost@7748410a]" name="afterMethod" is-config="true" duration-ms="2549" started-at="2021-12-14T20:39:51Z" finished-at="2021-12-14T20:39:53Z">
          <reporter-output>
          </reporter-output>
        </test-method> <!-- afterMethod -->
      </class> <!-- com.livingtree.tests.LQ4328_PhotoPost -->
      <class name="com.livingtree.tests.LQ4343">
        <test-method status="PASS" signature="beforeMethod()[pri:0, instance:com.livingtree.tests.LQ4343@45ca843]" name="beforeMethod" is-config="true" duration-ms="1304" started-at="2021-12-14T22:18:31Z" finished-at="2021-12-14T22:18:32Z">
          <reporter-output>
          </reporter-output>
        </test-method> <!-- beforeMethod -->
        <test-method status="PASS" signature="test_LQ4343(java.util.HashMap)[pri:0, instance:com.livingtree.tests.LQ4343@45ca843]" name="test_LQ4343" duration-ms="118844" started-at="2021-12-14T22:18:32Z" description="Verify the link in email notifications to mute a post" data-provider="getExcelTestData" finished-at="2021-12-14T22:20:31Z">
          <params>
            <param index="0">
              <value>
                <![CDATA[{FilePath=\src\test\resources\Files\Uploads\File\DistrictsToDelete.xlsx, GroupName=PK Homeroom, Comment1=Comment test by automation, StwoPParent=james.bear.4074259548@parent.livingtree.com, Comment2=Comment2 test by automation, VideoPath=\src\test\resources\Files\Uploads\Videos\video.mp4, StudentOne=525630@nnschools.org, Message=Test automation Message, Teacher=katherine.thomashel@nn.k12.va.us, Subject=Subject test automation, CountFES2=29, StwoSParent=charles.block.1532393233@parent.livingtree.com, CountFES1=14, ParentCountFES2=40, PhotoPath=\src\test\resources\Files\Uploads\Images\Car.jpg, TeacherFESScore=33, StudentTwo=526032@nnschools.org, SonePParent=heidimariebear@gmail.com, SoneSParent=james.bear.4074259548@parent.livingtree.com, Principal=principalAS@mailinator.com, TeacherName=Katherine Thomas Hellmuth, Password=JabDg$m6R@+6}]]>
              </value>
            </param>
          </params>
          <reporter-output>
          </reporter-output>
        </test-method> <!-- test_LQ4343 -->
        <test-method status="PASS" signature="afterMethod()[pri:0, instance:com.livingtree.tests.LQ4343@45ca843]" name="afterMethod" is-config="true" duration-ms="2533" started-at="2021-12-14T22:20:31Z" finished-at="2021-12-14T22:20:33Z">
          <reporter-output>
          </reporter-output>
        </test-method> <!-- afterMethod -->
      </class> <!-- com.livingtree.tests.LQ4343 -->
      <class name="com.livingtree.tests.LQ3299">
        <test-method status="PASS" signature="beforeMethod()[pri:0, instance:com.livingtree.tests.LQ3299@6a03bcb1]" name="beforeMethod" is-config="true" duration-ms="1251" started-at="2021-12-14T19:08:07Z" finished-at="2021-12-14T19:08:08Z">
          <reporter-output>
          </reporter-output>
        </test-method> <!-- beforeMethod -->
        <test-method status="PASS" signature="test_LQ3299(java.util.HashMap)[pri:0, instance:com.livingtree.tests.LQ3299@6a03bcb1]" name="test_LQ3299" duration-ms="62114" started-at="2021-12-14T19:08:08Z" description="Verify the Edit option icons in Actions column" data-provider="getExcelTestData" finished-at="2021-12-14T19:09:10Z">
          <params>
            <param index="0">
              <value>
                <![CDATA[{User=riyas@aithertechnology.com, schoolname=schoolofindia, Password=JabDg$m6R@+6}]]>
              </value>
            </param>
          </params>
          <reporter-output>
          </reporter-output>
        </test-method> <!-- test_LQ3299 -->
        <test-method status="PASS" signature="afterMethod()[pri:0, instance:com.livingtree.tests.LQ3299@6a03bcb1]" name="afterMethod" is-config="true" duration-ms="2547" started-at="2021-12-14T19:09:10Z" finished-at="2021-12-14T19:09:13Z">
          <reporter-output>
          </reporter-output>
        </test-method> <!-- afterMethod -->
      </class> <!-- com.livingtree.tests.LQ3299 -->
      <class name="com.livingtree.tests.LQ1117">
        <test-method status="PASS" signature="beforeMethod()[pri:0, instance:com.livingtree.tests.LQ1117@15ca7889]" name="beforeMethod" is-config="true" duration-ms="1280" started-at="2021-12-14T18:16:39Z" finished-at="2021-12-14T18:16:40Z">
          <reporter-output>
          </reporter-output>
        </test-method> <!-- beforeMethod -->
        <test-method status="PASS" signature="test_LQ1117(java.util.HashMap)[pri:0, instance:com.livingtree.tests.LQ1117@15ca7889]" name="test_LQ1117" duration-ms="165367" started-at="2021-12-14T18:16:40Z" description="Verify the Sign up with Parent" data-provider="getExcelTestData" finished-at="2021-12-14T18:19:25Z">
          <params>
            <param index="0">
              <value>
                <![CDATA[{Child FirstName=Smith, Child Month=Nov, Email=deepak04@mailinator.com, Address=Hitech City, Telephone=919014676533, Child Gender=Male, Gender=Male, Month=Nov, Child Year=1999, DOB=06-Nov-1990, Family Name=Living, Password=JabDg$m6R@+6, InviteEmail=Test, FirstName=Deepak, ZipCode=500081, InviteMessage=Test Message by Automation, City=Hyderabad, Date=6, ConfirmPassword=JabDg$m6R@+6, TimeZone=Asia/Kolkata, Child LastName=Jhon, Year=1993, State=Andhra Pradesh, Child Date=9, Country=India, LastName=Das}]]>
              </value>
            </param>
          </params>
          <reporter-output>
          </reporter-output>
        </test-method> <!-- test_LQ1117 -->
        <test-method status="PASS" signature="afterMethod()[pri:0, instance:com.livingtree.tests.LQ1117@15ca7889]" name="afterMethod" is-config="true" duration-ms="2531" started-at="2021-12-14T18:19:26Z" finished-at="2021-12-14T18:19:28Z">
          <reporter-output>
          </reporter-output>
        </test-method> <!-- afterMethod -->
      </class> <!-- com.livingtree.tests.LQ1117 -->
      <class name="com.livingtree.tests.LQ4668">
        <test-method status="PASS" signature="beforeMethod()[pri:0, instance:com.livingtree.tests.LQ4668@ba54932]" name="beforeMethod" is-config="true" duration-ms="1272" started-at="2021-12-14T22:31:29Z" finished-at="2021-12-14T22:31:30Z">
          <reporter-output>
          </reporter-output>
        </test-method> <!-- beforeMethod -->
        <test-method status="PASS" signature="test_LQ4668(java.util.HashMap)[pri:0, instance:com.livingtree.tests.LQ4668@ba54932]" name="test_LQ4668" duration-ms="210915" started-at="2021-12-14T22:31:30Z" description="User is not receiving the phone alert after removing the schedule option for a Phone alert in case of &quot;Scheduled Phone Alert&quot;" data-provider="getExcelTestData" finished-at="2021-12-14T22:35:01Z">
          <params>
            <param index="0">
              <value>
                <![CDATA[{GroupName=5_ALL, Comment1=comment by automation, Message=LQ-4668 phone alert by automation from maple by qa team, Parent=chinmoy.saha001@mailinator.com, Principal=principalphalert@mailinator.com, Subject=LA-13118 phone alert, Password=JabDg$m6R@+6}]]>
              </value>
            </param>
          </params>
          <reporter-output>
          </reporter-output>
        </test-method> <!-- test_LQ4668 -->
        <test-method status="PASS" signature="afterMethod()[pri:0, instance:com.livingtree.tests.LQ4668@ba54932]" name="afterMethod" is-config="true" duration-ms="2550" started-at="2021-12-14T22:35:01Z" finished-at="2021-12-14T22:35:04Z">
          <reporter-output>
          </reporter-output>
        </test-method> <!-- afterMethod -->
      </class> <!-- com.livingtree.tests.LQ4668 -->
      <class name="com.livingtree.tests.LQ4327_ScheduleFilePost">
        <test-method status="PASS" signature="beforeMethod()[pri:0, instance:com.livingtree.tests.LQ4327_ScheduleFilePost@2b4bac49]" name="beforeMethod" is-config="true" duration-ms="1261" started-at="2021-12-14T19:50:03Z" finished-at="2021-12-14T19:50:04Z">
          <reporter-output>
          </reporter-output>
        </test-method> <!-- beforeMethod -->
        <test-method status="PASS" signature="test_LQ4327ScheduleFilePost(java.util.HashMap)[pri:0, instance:com.livingtree.tests.LQ4327_ScheduleFilePost@2b4bac49]" name="test_LQ4327ScheduleFilePost" duration-ms="396554" started-at="2021-12-14T19:50:04Z" description="Verify &#039;Engagement coefficient&#039; (post score) for a post" data-provider="getExcelTestData" finished-at="2021-12-14T19:56:40Z">
          <params>
            <param index="0">
              <value>
                <![CDATA[{GroupName=PK Homeroom, Comment1=Comment test by automation, FilePath=\src\test\resources\Files\Uploads\File\DistrictsToDelete.xlsx, Comment2=Comment2 test by automation, StudentOne=525630@nnschools.org, VideoPath=\src\test\resources\Files\Uploads\Videos\video.mp4, Message=LQ-4327 test by Automation, Teacher=katherine.thomashel@nn.k12.va.us, Subject=LA-11993 LQ-4327, CountFES2=14, CountFES1=7, PhotoPath=\src\test\resources\Files\Uploads\Images\Car.jpg, StudentTwo=526032@nnschools.org, Password=JabDg$m6R@+6}]]>
              </value>
            </param>
          </params>
          <reporter-output>
          </reporter-output>
        </test-method> <!-- test_LQ4327ScheduleFilePost -->
        <test-method status="PASS" signature="afterMethod()[pri:0, instance:com.livingtree.tests.LQ4327_ScheduleFilePost@2b4bac49]" name="afterMethod" is-config="true" duration-ms="2562" started-at="2021-12-14T19:56:41Z" finished-at="2021-12-14T19:56:43Z">
          <reporter-output>
          </reporter-output>
        </test-method> <!-- afterMethod -->
      </class> <!-- com.livingtree.tests.LQ4327_ScheduleFilePost -->
      <class name="com.livingtree.tests.LQ4195">
        <test-method status="PASS" signature="beforeMethod()[pri:0, instance:com.livingtree.tests.LQ4195@11fc564b]" name="beforeMethod" is-config="true" duration-ms="1276" started-at="2021-12-14T19:31:07Z" finished-at="2021-12-14T19:31:08Z">
          <reporter-output>
          </reporter-output>
        </test-method> <!-- beforeMethod -->
        <test-method status="PASS" signature="test_LQ4195(java.util.HashMap)[pri:0, instance:com.livingtree.tests.LQ4195@11fc564b]" name="test_LQ4195" duration-ms="139056" started-at="2021-12-14T19:31:08Z" description="Verify that add parent and add student and check the post on the same group" data-provider="getExcelTestData" finished-at="2021-12-14T19:33:27Z">
          <params>
            <param index="0">
              <value>
                <![CDATA[{FilePath=\src\test\resources\Files\Uploads\File\DistrictsToDelete.xlsx, Comment1=Comment1 test by automation, Comment2=Comment2 test by automation, UserName=tleach@asdms.us, Message=LQ-4196 test by Automation, InviteeName=abstam.alammari.4345@parent.livingtree.com, env=maple_auto, groupname=Functional Academics, Subject=LA-11876 LQ-4196, Subject_Gmail=Deekap PK Homeroom has invited you to join, childname=Shatha Alzabidi, Password=JabDg$m6R@+6, parents=Abstam Alammari (Shatha Alzabidi)}]]>
              </value>
            </param>
          </params>
          <reporter-output>
          </reporter-output>
        </test-method> <!-- test_LQ4195 -->
        <test-method status="PASS" signature="afterMethod()[pri:0, instance:com.livingtree.tests.LQ4195@11fc564b]" name="afterMethod" is-config="true" duration-ms="2551" started-at="2021-12-14T19:33:28Z" finished-at="2021-12-14T19:33:30Z">
          <reporter-output>
          </reporter-output>
        </test-method> <!-- afterMethod -->
      </class> <!-- com.livingtree.tests.LQ4195 -->
      <class name="com.livingtree.tests.LQ5363">
        <test-method status="PASS" signature="beforeMethod()[pri:0, instance:com.livingtree.tests.LQ5363@5f683daf]" name="beforeMethod" is-config="true" duration-ms="1250" started-at="2021-12-14T23:47:53Z" finished-at="2021-12-14T23:47:55Z">
          <reporter-output>
          </reporter-output>
        </test-method> <!-- beforeMethod -->
        <test-method status="PASS" signature="test_LQ5363(java.util.HashMap)[pri:0, instance:com.livingtree.tests.LQ5363@5f683daf]" name="test_LQ5363" duration-ms="55784" started-at="2021-12-14T23:47:55Z" description=" Inbox: Additional UI buttons needed" data-provider="getExcelTestData" finished-at="2021-12-14T23:48:50Z">
          <params>
            <param index="0">
              <value>
                <![CDATA[{UserName=gill01.john01@mailinator.com, Password=JabDg$m6R@+6}]]>
              </value>
            </param>
          </params>
          <reporter-output>
          </reporter-output>
        </test-method> <!-- test_LQ5363 -->
        <test-method status="PASS" signature="afterMethod()[pri:0, instance:com.livingtree.tests.LQ5363@5f683daf]" name="afterMethod" is-config="true" duration-ms="2546" started-at="2021-12-14T23:48:50Z" finished-at="2021-12-14T23:48:53Z">
          <reporter-output>
          </reporter-output>
        </test-method> <!-- afterMethod -->
      </class> <!-- com.livingtree.tests.LQ5363 -->
      <class name="com.livingtree.tests.LQ4329_VideoPost">
        <test-method status="PASS" signature="beforeMethod()[pri:0, instance:com.livingtree.tests.LQ4329_VideoPost@186f8716]" name="beforeMethod" is-config="true" duration-ms="1246" started-at="2021-12-14T22:09:09Z" finished-at="2021-12-14T22:09:10Z">
          <reporter-output>
          </reporter-output>
        </test-method> <!-- beforeMethod -->
        <test-method status="PASS" signature="test_LQ4329VideoPost(java.util.HashMap)[pri:0, instance:com.livingtree.tests.LQ4329_VideoPost@186f8716]" name="test_LQ4329VideoPost" duration-ms="380706" started-at="2021-12-14T22:09:10Z" description="Verify the visibility of Engagement coefficient for a post (post score) in Conversations screen" data-provider="getExcelTestData" finished-at="2021-12-14T22:15:31Z">
          <params>
            <param index="0">
              <value>
                <![CDATA[{FilePath=\src\test\resources\Files\Uploads\File\DistrictsToDelete.xlsx, GroupName=PK Homeroom, Comment1=Comment test by automation, StwoPParent=arnesia.s.carter@gmail.com, Comment2=Comment2 test by automation, VideoPath=\src\test\resources\Files\Uploads\Videos\video.mp4, StudentOne=525630@nnschools.org, Message=LQ-4328 test by Automation, Teacher=katherine.thomashel@nn.k12.va.us, Subject=LA-11993 LQ-4328, CountFES2=29, StwoSParent=arnesia.s.carter@gmail.com, CountFES1=14, ParentCountFES2=40, PhotoPath=\src\test\resources\Files\Uploads\Images\Car.jpg, TeacherFESScore=33, StudentTwo=526032@nnschools.org, SonePParent=jpatt0554@gmail.com, SoneSParent=jpatt0554@gmail.com, Principal=katherine.thomashel@nn.k12.va.us, TeacherName=Katherine Thomas Hellmuth, Password=JabDg$m6R@+6}]]>
              </value>
            </param>
          </params>
          <reporter-output>
          </reporter-output>
        </test-method> <!-- test_LQ4329VideoPost -->
        <test-method status="PASS" signature="afterMethod()[pri:0, instance:com.livingtree.tests.LQ4329_VideoPost@186f8716]" name="afterMethod" is-config="true" duration-ms="2537" started-at="2021-12-14T22:15:31Z" finished-at="2021-12-14T22:15:34Z">
          <reporter-output>
          </reporter-output>
        </test-method> <!-- afterMethod -->
      </class> <!-- com.livingtree.tests.LQ4329_VideoPost -->
      <class name="com.livingtree.tests.LQ4190">
        <test-method status="PASS" signature="beforeMethod()[pri:0, instance:com.livingtree.tests.LQ4190@68567e20]" name="beforeMethod" is-config="true" duration-ms="1240" started-at="2021-12-14T19:22:07Z" finished-at="2021-12-14T19:22:08Z">
          <reporter-output>
          </reporter-output>
        </test-method> <!-- beforeMethod -->
        <test-method status="PASS" signature="test_LQ4190(java.util.HashMap)[pri:0, instance:com.livingtree.tests.LQ4190@68567e20]" name="test_LQ4190" duration-ms="287703" started-at="2021-12-14T19:22:08Z" description="Verify the welcome video post content for new users" data-provider="getExcelTestData" finished-at="2021-12-14T19:26:55Z">
          <params>
            <param index="0">
              <value>
                <![CDATA[{UserName=qalivingtree.001@gmail.com, text=LivingTree Welcome, Password=JabDg$m6R@+6}]]>
              </value>
            </param>
          </params>
          <reporter-output>
          </reporter-output>
        </test-method> <!-- test_LQ4190 -->
        <test-method status="PASS" signature="afterMethod()[pri:0, instance:com.livingtree.tests.LQ4190@68567e20]" name="afterMethod" is-config="true" duration-ms="2546" started-at="2021-12-14T19:26:56Z" finished-at="2021-12-14T19:26:58Z">
          <reporter-output>
          </reporter-output>
        </test-method> <!-- afterMethod -->
      </class> <!-- com.livingtree.tests.LQ4190 -->
      <class name="com.livingtree.tests.LQ4191">
        <test-method status="PASS" signature="beforeMethod()[pri:0, instance:com.livingtree.tests.LQ4191@76ed1b7c]" name="beforeMethod" is-config="true" duration-ms="1253" started-at="2021-12-14T19:26:58Z" finished-at="2021-12-14T19:26:59Z">
          <reporter-output>
          </reporter-output>
        </test-method> <!-- beforeMethod -->
        <test-method status="PASS" signature="test_LQ4191(java.util.HashMap)[pri:0, instance:com.livingtree.tests.LQ4191@76ed1b7c]" name="test_LQ4191" duration-ms="244954" started-at="2021-12-14T19:26:59Z" description="Verify welcome post in photos/videos filter" data-provider="getExcelTestData" finished-at="2021-12-14T19:31:04Z">
          <params>
            <param index="0">
              <value>
                <![CDATA[{UserName=chinmoy.saha001@mailinator.com, text=Welcome, Password=JabDg$m6R@+6}]]>
              </value>
            </param>
          </params>
          <reporter-output>
          </reporter-output>
        </test-method> <!-- test_LQ4191 -->
        <test-method status="PASS" signature="afterMethod()[pri:0, instance:com.livingtree.tests.LQ4191@76ed1b7c]" name="afterMethod" is-config="true" duration-ms="2547" started-at="2021-12-14T19:31:04Z" finished-at="2021-12-14T19:31:07Z">
          <reporter-output>
          </reporter-output>
        </test-method> <!-- afterMethod -->
      </class> <!-- com.livingtree.tests.LQ4191 -->
      <class name="com.livingtree.tests.LQ4327_PhotoPost">
        <test-method status="PASS" signature="beforeMethod()[pri:0, instance:com.livingtree.tests.LQ4327_PhotoPost@3f56875e]" name="beforeMethod" is-config="true" duration-ms="1231" started-at="2021-12-14T19:46:08Z" finished-at="2021-12-14T19:46:09Z">
          <reporter-output>
          </reporter-output>
        </test-method> <!-- beforeMethod -->
        <test-method status="PASS" signature="test_LQ4327PhotoPost(java.util.HashMap)[pri:0, instance:com.livingtree.tests.LQ4327_PhotoPost@3f56875e]" name="test_LQ4327PhotoPost" duration-ms="231007" started-at="2021-12-14T19:46:09Z" description="Verify &#039;Engagement coefficient&#039; (post score) for a post" data-provider="getExcelTestData" finished-at="2021-12-14T19:50:00Z">
          <params>
            <param index="0">
              <value>
                <![CDATA[{GroupName=PK Homeroom, Comment1=Comment test by automation, FilePath=\src\test\resources\Files\Uploads\File\DistrictsToDelete.xlsx, Comment2=Comment2 test by automation, StudentOne=525630@nnschools.org, VideoPath=\src\test\resources\Files\Uploads\Videos\video.mp4, Message=LQ-4327 test by Automation, Teacher=katherine.thomashel@nn.k12.va.us, Subject=LA-11993 LQ-4327, CountFES2=14, CountFES1=7, PhotoPath=\src\test\resources\Files\Uploads\Images\Car.jpg, StudentTwo=526032@nnschools.org, Password=JabDg$m6R@+6}]]>
              </value>
            </param>
          </params>
          <reporter-output>
          </reporter-output>
        </test-method> <!-- test_LQ4327PhotoPost -->
        <test-method status="PASS" signature="afterMethod()[pri:0, instance:com.livingtree.tests.LQ4327_PhotoPost@3f56875e]" name="afterMethod" is-config="true" duration-ms="2546" started-at="2021-12-14T19:50:00Z" finished-at="2021-12-14T19:50:03Z">
          <reporter-output>
          </reporter-output>
        </test-method> <!-- afterMethod -->
      </class> <!-- com.livingtree.tests.LQ4327_PhotoPost -->
      <class name="com.livingtree.tests.LQ5248">
        <test-method status="PASS" signature="beforeMethod()[pri:0, instance:com.livingtree.tests.LQ5248@1329eff]" name="beforeMethod" is-config="true" duration-ms="1264" started-at="2021-12-14T23:32:41Z" finished-at="2021-12-14T23:32:42Z">
          <reporter-output>
          </reporter-output>
        </test-method> <!-- beforeMethod -->
        <test-method status="PASS" signature="test_LQ5248(java.util.HashMap)[pri:0, instance:com.livingtree.tests.LQ5248@1329eff]" name="test_LQ5248" duration-ms="68148" started-at="2021-12-14T23:32:42Z" description="UI/UX | Improve join group/class by &#039;Group Code&#039;" data-provider="getExcelTestData" finished-at="2021-12-14T23:33:50Z">
          <params>
            <param index="0">
              <value>
                <![CDATA[{UserName=riyas@aithertechnology.com, Search=Teacher, Password=JabDg$m6R@+6}]]>
              </value>
            </param>
          </params>
          <reporter-output>
          </reporter-output>
        </test-method> <!-- test_LQ5248 -->
        <test-method status="PASS" signature="afterMethod()[pri:0, instance:com.livingtree.tests.LQ5248@1329eff]" name="afterMethod" is-config="true" duration-ms="2547" started-at="2021-12-14T23:33:50Z" finished-at="2021-12-14T23:33:53Z">
          <reporter-output>
          </reporter-output>
        </test-method> <!-- afterMethod -->
      </class> <!-- com.livingtree.tests.LQ5248 -->
      <class name="com.livingtree.tests.LQ4328_SchedulePhotoPost">
        <test-method status="PASS" signature="beforeMethod()[pri:0, instance:com.livingtree.tests.LQ4328_SchedulePhotoPost@55740540]" name="beforeMethod" is-config="true" duration-ms="1265" started-at="2021-12-14T20:57:30Z" finished-at="2021-12-14T20:57:31Z">
          <reporter-output>
          </reporter-output>
        </test-method> <!-- beforeMethod -->
        <test-method status="PASS" signature="test_LQ4328SchedulePhotoPost(java.util.HashMap)[pri:0, instance:com.livingtree.tests.LQ4328_SchedulePhotoPost@55740540]" name="test_LQ4328SchedulePhotoPost" duration-ms="665409" started-at="2021-12-14T20:57:31Z" description="Verify Overall Teacher Engagement Score" data-provider="getExcelTestData" finished-at="2021-12-14T21:08:37Z">
          <params>
            <param index="0">
              <value>
                <![CDATA[{FilePath=\src\test\resources\Files\Uploads\File\DistrictsToDelete.xlsx, GroupName=PK Homeroom, Comment1=Comment test by automation, StwoPParent=arnesia.s.carter@gmail.com, Comment2=Comment2 test by automation, VideoPath=\src\test\resources\Files\Uploads\Videos\video.mp4, StudentOne=525630@nnschools.org, Message=LQ-4328 test by Automation, Teacher=katherine.thomashel@nn.k12.va.us, Subject=LA-11993 LQ-4328, CountFES2=29, StwoSParent=arnesia.s.carter@gmail.com, CountFES1=14, ParentCountFES2=40, PhotoPath=\src\test\resources\Files\Uploads\Images\Car.jpg, TeacherFESScore=33, StudentTwo=526032@nnschools.org, SonePParent=jpatt0554@gmail.com, SoneSParent=jpatt0554@gmail.com, Principal=Lauren.Gray@nn.k12.va.us, TeacherName=Katherine Thomas Hellmuth, Password=JabDg$m6R@+6}]]>
              </value>
            </param>
          </params>
          <reporter-output>
          </reporter-output>
        </test-method> <!-- test_LQ4328SchedulePhotoPost -->
        <test-method status="PASS" signature="afterMethod()[pri:0, instance:com.livingtree.tests.LQ4328_SchedulePhotoPost@55740540]" name="afterMethod" is-config="true" duration-ms="2562" started-at="2021-12-14T21:08:37Z" finished-at="2021-12-14T21:08:40Z">
          <reporter-output>
          </reporter-output>
        </test-method> <!-- afterMethod -->
      </class> <!-- com.livingtree.tests.LQ4328_SchedulePhotoPost -->
      <class name="com.livingtree.tests.LQ3665">
        <test-method status="PASS" signature="beforeMethod()[pri:0, instance:com.livingtree.tests.LQ3665@21b2e768]" name="beforeMethod" is-config="true" duration-ms="1262" started-at="2021-12-14T19:09:13Z" finished-at="2021-12-14T19:09:14Z">
          <reporter-output>
          </reporter-output>
        </test-method> <!-- beforeMethod -->
        <test-method status="PASS" signature="test_LQ3665(java.util.HashMap)[pri:0, instance:com.livingtree.tests.LQ3665@21b2e768]" name="test_LQ3665" duration-ms="169318" started-at="2021-12-14T19:09:14Z" description="Verify recipeants in the To field if click on reply button" data-provider="getExcelTestData" finished-at="2021-12-14T19:12:03Z">
          <params>
            <param index="0">
              <value>
                <![CDATA[{GroupName=PK Homeroom, Comment1=Comment test by automation, FilePath=\src\test\resources\Files\Uploads\File\DistrictsToDelete.xlsx, Comment2=Comment2 test by automation, StudentOne=studentliveschool@mailinator.com, VideoPath=\src\test\resources\Files\Uploads\Videos\video.mp4, Message=message test by Automation, Teacher=William3.Blake3@mailinator.com, StudentTwoName=Zhendaya Beckwith, PrincipalName=William3 Blake3, Subject=Automation, CountFES2=29.0, CountFES1=14.0, PhotoPath=\src\test\resources\Files\Uploads\Images\Car.jpg, StudentTwo=526032@nnschools.org, StudentOneName=stuliveschool sliveschool, Principal=William3.Blake3@mailinator.com, TeacherName=William3 Blake3, Password=JabDg$m6R@+6}]]>
              </value>
            </param>
          </params>
          <reporter-output>
          </reporter-output>
        </test-method> <!-- test_LQ3665 -->
        <test-method status="PASS" signature="afterMethod()[pri:0, instance:com.livingtree.tests.LQ3665@21b2e768]" name="afterMethod" is-config="true" duration-ms="2546" started-at="2021-12-14T19:12:03Z" finished-at="2021-12-14T19:12:06Z">
          <reporter-output>
          </reporter-output>
        </test-method> <!-- afterMethod -->
      </class> <!-- com.livingtree.tests.LQ3665 -->
      <class name="com.livingtree.tests.LQ4198">
        <test-method status="PASS" signature="beforeMethod()[pri:0, instance:com.livingtree.tests.LQ4198@394a2528]" name="beforeMethod" is-config="true" duration-ms="1249" started-at="2021-12-14T19:33:30Z" finished-at="2021-12-14T19:33:31Z">
          <reporter-output>
          </reporter-output>
        </test-method> <!-- beforeMethod -->
        <test-method status="PASS" signature="test_LQ4198(java.util.HashMap)[pri:0, instance:com.livingtree.tests.LQ4198@394a2528]" name="test_LQ4198" duration-ms="100865" started-at="2021-12-14T19:33:31Z" description="Verify that the lion icon is removed from the auto-translated email notification for an Invitation received." data-provider="getExcelTestData" finished-at="2021-12-14T19:35:12Z">
          <params>
            <param index="0">
              <value>
                <![CDATA[{UserName=tleach@asdms.us, studentname=Aaden Pargo, InviteeName=hopeword85@gmail.com, env=maple_auto, groupname=Functional Academics, Subject=Deekap PK Homeroom has invited you to join, Password=JabDg$m6R@+6}]]>
              </value>
            </param>
          </params>
          <reporter-output>
          </reporter-output>
        </test-method> <!-- test_LQ4198 -->
        <test-method status="PASS" signature="afterMethod()[pri:0, instance:com.livingtree.tests.LQ4198@394a2528]" name="afterMethod" is-config="true" duration-ms="2562" started-at="2021-12-14T19:35:12Z" finished-at="2021-12-14T19:35:15Z">
          <reporter-output>
          </reporter-output>
        </test-method> <!-- afterMethod -->
      </class> <!-- com.livingtree.tests.LQ4198 -->
      <class name="com.livingtree.tests.LQ5243">
        <test-method status="PASS" signature="beforeMethod()[pri:0, instance:com.livingtree.tests.LQ5243@1356d4d4]" name="beforeMethod" is-config="true" duration-ms="1263" started-at="2021-12-14T23:29:36Z" finished-at="2021-12-14T23:29:37Z">
          <reporter-output>
          </reporter-output>
        </test-method> <!-- beforeMethod -->
        <test-method status="PASS" signature="test_LQ5243(java.util.HashMap)[pri:0, instance:com.livingtree.tests.LQ5243@1356d4d4]" name="test_LQ5243" duration-ms="41228" started-at="2021-12-14T23:29:37Z" description="UI/UX | Change &quot;My Profile&quot; to &quot;Settings&quot;" data-provider="getExcelTestData" finished-at="2021-12-14T23:30:18Z">
          <params>
            <param index="0">
              <value>
                <![CDATA[{UserName=gill01.john01@mailinator.com, Password=JabDg$m6R@+6}]]>
              </value>
            </param>
          </params>
          <reporter-output>
          </reporter-output>
        </test-method> <!-- test_LQ5243 -->
        <test-method status="PASS" signature="afterMethod()[pri:0, instance:com.livingtree.tests.LQ5243@1356d4d4]" name="afterMethod" is-config="true" duration-ms="2546" started-at="2021-12-14T23:30:18Z" finished-at="2021-12-14T23:30:21Z">
          <reporter-output>
          </reporter-output>
        </test-method> <!-- afterMethod -->
      </class> <!-- com.livingtree.tests.LQ5243 -->
      <class name="com.livingtree.tests.LQ2136">
        <test-method status="PASS" signature="beforeMethod()[pri:0, instance:com.livingtree.tests.LQ2136@683dbc2c]" name="beforeMethod" is-config="true" duration-ms="1251" started-at="2021-12-14T18:29:06Z" finished-at="2021-12-14T18:29:07Z">
          <reporter-output>
          </reporter-output>
        </test-method> <!-- beforeMethod -->
        <test-method status="PASS" signature="test_LQ2136(java.util.HashMap)[pri:0, instance:com.livingtree.tests.LQ2136@683dbc2c]" name="test_LQ2136" duration-ms="205359" started-at="2021-12-14T18:29:07Z" description="Comment on District Principals post which is made by District Admin" data-provider="getExcelTestData" finished-at="2021-12-14T18:32:33Z">
          <params>
            <param index="0">
              <value>
                <![CDATA[{FilePath=\src\test\resources\Files\Uploads\File\DistrictsToDelete.xlsx, GroupName=Aberdeen High School, Comment1=automation comment from distric admin, Message=LQ2136 checking post in , Distric_Admin=jclay@asdms.us, Principal=dbullard@asdms.us, Subject=LQ2136 file post, Password=JabDg$m6R@+6}]]>
              </value>
            </param>
          </params>
          <reporter-output>
          </reporter-output>
        </test-method> <!-- test_LQ2136 -->
        <test-method status="PASS" signature="afterMethod()[pri:0, instance:com.livingtree.tests.LQ2136@683dbc2c]" name="afterMethod" is-config="true" duration-ms="2563" started-at="2021-12-14T18:32:33Z" finished-at="2021-12-14T18:32:35Z">
          <reporter-output>
          </reporter-output>
        </test-method> <!-- afterMethod -->
      </class> <!-- com.livingtree.tests.LQ2136 -->
      <class name="com.livingtree.tests.LQ5246">
        <test-method status="PASS" signature="beforeMethod()[pri:0, instance:com.livingtree.tests.LQ5246@c03cf28]" name="beforeMethod" is-config="true" duration-ms="1254" started-at="2021-12-14T23:30:21Z" finished-at="2021-12-14T23:30:22Z">
          <reporter-output>
          </reporter-output>
        </test-method> <!-- beforeMethod -->
        <test-method status="PASS" signature="test_LQ5246(java.util.HashMap)[pri:0, instance:com.livingtree.tests.LQ5246@c03cf28]" name="test_LQ5246" duration-ms="135814" started-at="2021-12-14T23:30:22Z" description="When clicking post notifications where a post has been deleted, nothing happens" data-provider="getExcelTestData" finished-at="2021-12-14T23:32:38Z">
          <params>
            <param index="0">
              <value>
                <![CDATA[{GroupName=jamesschool, =, Comment=Test LQ5246 comment, UserName=gill01.john01@mailinator.com, PhotoPath=\src\test\resources\Files\Uploads\Images\Car.jpg, Message=LQ-5246 test by Automation, Student=student3james@mailinator.com, Subject=LQ-5246 test by Automation, Password=JabDg$m6R@+6}]]>
              </value>
            </param>
          </params>
          <reporter-output>
          </reporter-output>
        </test-method> <!-- test_LQ5246 -->
        <test-method status="PASS" signature="afterMethod()[pri:0, instance:com.livingtree.tests.LQ5246@c03cf28]" name="afterMethod" is-config="true" duration-ms="2547" started-at="2021-12-14T23:32:38Z" finished-at="2021-12-14T23:32:40Z">
          <reporter-output>
          </reporter-output>
        </test-method> <!-- afterMethod -->
      </class> <!-- com.livingtree.tests.LQ5246 -->
      <class name="com.livingtree.tests.LQ4673">
        <test-method status="PASS" signature="beforeMethod()[pri:0, instance:com.livingtree.tests.LQ4673@28975c28]" name="beforeMethod" is-config="true" duration-ms="1264" started-at="2021-12-14T22:35:04Z" finished-at="2021-12-14T22:35:05Z">
          <reporter-output>
          </reporter-output>
        </test-method> <!-- beforeMethod -->
        <test-method status="PASS" signature="test_LQ4673(java.util.HashMap)[pri:0, instance:com.livingtree.tests.LQ4673@28975c28]" name="test_LQ4673" duration-ms="175909" started-at="2021-12-14T22:35:05Z" description="Web:While creating a new layer in district/school, add a layer functionality option not available." data-provider="getExcelTestData" finished-at="2021-12-14T22:38:01Z">
          <params>
            <param index="0">
              <value>
                <![CDATA[{new_user_value_y=Y, UserName=Alisha Johnson, filepath=\src\test\resources\Files\Uploads\File\LA-12984.csv, Distric_admin=jclay@asdms.us, button_name_value_teacher=Invite Classroom Teacher, SchoolName=Aberdeen High School, button_name_value_other=Add Others, env=mapleauto, Username_email=johnson.1233637@student.livingtree.com, Password=JabDg$m6R@+6, new_user_value_n=N}]]>
              </value>
            </param>
          </params>
          <reporter-output>
          </reporter-output>
        </test-method> <!-- test_LQ4673 -->
        <test-method status="PASS" signature="afterMethod()[pri:0, instance:com.livingtree.tests.LQ4673@28975c28]" name="afterMethod" is-config="true" duration-ms="2547" started-at="2021-12-14T22:38:01Z" finished-at="2021-12-14T22:38:04Z">
          <reporter-output>
          </reporter-output>
        </test-method> <!-- afterMethod -->
      </class> <!-- com.livingtree.tests.LQ4673 -->
      <class name="com.livingtree.tests.LQ2179">
        <test-method status="PASS" signature="beforeMethod()[pri:0, instance:com.livingtree.tests.LQ2179@6a2b953e]" name="beforeMethod" is-config="true" duration-ms="1251" started-at="2021-12-14T18:39:38Z" finished-at="2021-12-14T18:39:39Z">
          <reporter-output>
          </reporter-output>
        </test-method> <!-- beforeMethod -->
        <test-method status="PASS" signature="test_LQ2179(java.util.HashMap, java.lang.reflect.Method)[pri:0, instance:com.livingtree.tests.LQ2179@6a2b953e]" name="test_LQ2179" duration-ms="157495" started-at="2021-12-14T18:39:39Z" description="User should be able to register as Youth org Admin" data-provider="getExcelTestData" finished-at="2021-12-14T18:42:17Z">
          <params>
            <param index="0">
              <value>
                <![CDATA[{user1=chinmoy.saha002_2@mailinator.com, user=chinmoy.saha002@mailinator.com, Password=JabDg$m6R@+6}]]>
              </value>
            </param>
            <param index="1">
              <value>
                <![CDATA[public void com.livingtree.tests.LQ2179.test_LQ2179(java.util.HashMap,java.lang.reflect.Method)]]>
              </value>
            </param>
          </params>
          <reporter-output>
          </reporter-output>
        </test-method> <!-- test_LQ2179 -->
        <test-method status="PASS" signature="afterMethod()[pri:0, instance:com.livingtree.tests.LQ2179@6a2b953e]" name="afterMethod" is-config="true" duration-ms="2546" started-at="2021-12-14T18:42:17Z" finished-at="2021-12-14T18:42:20Z">
          <reporter-output>
          </reporter-output>
        </test-method> <!-- afterMethod -->
      </class> <!-- com.livingtree.tests.LQ2179 -->
      <class name="com.livingtree.tests.LQ4329_FilePost">
        <test-method status="PASS" signature="beforeMethod()[pri:0, instance:com.livingtree.tests.LQ4329_FilePost@1018bde2]" name="beforeMethod" is-config="true" duration-ms="1262" started-at="2021-12-14T21:28:12Z" finished-at="2021-12-14T21:28:13Z">
          <reporter-output>
          </reporter-output>
        </test-method> <!-- beforeMethod -->
        <test-method status="PASS" signature="test_LQ4329FilePost(java.util.HashMap)[pri:0, instance:com.livingtree.tests.LQ4329_FilePost@1018bde2]" name="test_LQ4329FilePost" duration-ms="335778" started-at="2021-12-14T21:28:13Z" description="Verify the visibility of Engagement coefficient for a post (post score) in Conversations screen" data-provider="getExcelTestData" finished-at="2021-12-14T21:33:49Z">
          <params>
            <param index="0">
              <value>
                <![CDATA[{FilePath=\src\test\resources\Files\Uploads\File\DistrictsToDelete.xlsx, GroupName=PK Homeroom, Comment1=Comment test by automation, StwoPParent=arnesia.s.carter@gmail.com, Comment2=Comment2 test by automation, VideoPath=\src\test\resources\Files\Uploads\Videos\video.mp4, StudentOne=525630@nnschools.org, Message=LQ-4328 test by Automation, Teacher=katherine.thomashel@nn.k12.va.us, Subject=LA-11993 LQ-4328, CountFES2=29, StwoSParent=arnesia.s.carter@gmail.com, CountFES1=14, ParentCountFES2=40, PhotoPath=\src\test\resources\Files\Uploads\Images\Car.jpg, TeacherFESScore=33, StudentTwo=526032@nnschools.org, SonePParent=jpatt0554@gmail.com, SoneSParent=jpatt0554@gmail.com, Principal=katherine.thomashel@nn.k12.va.us, TeacherName=Katherine Thomas Hellmuth, Password=JabDg$m6R@+6}]]>
              </value>
            </param>
          </params>
          <reporter-output>
          </reporter-output>
        </test-method> <!-- test_LQ4329FilePost -->
        <test-method status="PASS" signature="afterMethod()[pri:0, instance:com.livingtree.tests.LQ4329_FilePost@1018bde2]" name="afterMethod" is-config="true" duration-ms="2562" started-at="2021-12-14T21:33:49Z" finished-at="2021-12-14T21:33:52Z">
          <reporter-output>
          </reporter-output>
        </test-method> <!-- afterMethod -->
      </class> <!-- com.livingtree.tests.LQ4329_FilePost -->
      <class name="com.livingtree.tests.LQ4329_ScheduleMessagePost">
        <test-method status="PASS" signature="beforeMethod()[pri:0, instance:com.livingtree.tests.LQ4329_ScheduleMessagePost@50caa560]" name="beforeMethod" is-config="true" duration-ms="1234" started-at="2021-12-14T21:48:10Z" finished-at="2021-12-14T21:48:11Z">
          <reporter-output>
          </reporter-output>
        </test-method> <!-- beforeMethod -->
        <test-method status="PASS" signature="test_LQ4329ScheduleMessagePost(java.util.HashMap)[pri:0, instance:com.livingtree.tests.LQ4329_ScheduleMessagePost@50caa560]" name="test_LQ4329ScheduleMessagePost" duration-ms="353286" started-at="2021-12-14T21:48:11Z" description="Verify the visibility of Engagement coefficient for a post (post score) in Conversations screen" data-provider="getExcelTestData" finished-at="2021-12-14T21:54:05Z">
          <params>
            <param index="0">
              <value>
                <![CDATA[{FilePath=\src\test\resources\Files\Uploads\File\DistrictsToDelete.xlsx, GroupName=PK Homeroom, Comment1=Comment test by automation, StwoPParent=arnesia.s.carter@gmail.com, Comment2=Comment2 test by automation, VideoPath=\src\test\resources\Files\Uploads\Videos\video.mp4, StudentOne=525630@nnschools.org, Message=LQ-4328 test by Automation, Teacher=katherine.thomashel@nn.k12.va.us, Subject=LA-11993 LQ-4328, CountFES2=29, StwoSParent=arnesia.s.carter@gmail.com, CountFES1=14, ParentCountFES2=40, PhotoPath=\src\test\resources\Files\Uploads\Images\Car.jpg, TeacherFESScore=33, StudentTwo=526032@nnschools.org, SonePParent=jpatt0554@gmail.com, SoneSParent=jpatt0554@gmail.com, Principal=katherine.thomashel@nn.k12.va.us, TeacherName=Katherine Thomas Hellmuth, Password=JabDg$m6R@+6}]]>
              </value>
            </param>
          </params>
          <reporter-output>
          </reporter-output>
        </test-method> <!-- test_LQ4329ScheduleMessagePost -->
        <test-method status="PASS" signature="afterMethod()[pri:0, instance:com.livingtree.tests.LQ4329_ScheduleMessagePost@50caa560]" name="afterMethod" is-config="true" duration-ms="2531" started-at="2021-12-14T21:54:05Z" finished-at="2021-12-14T21:54:08Z">
          <reporter-output>
          </reporter-output>
        </test-method> <!-- afterMethod -->
      </class> <!-- com.livingtree.tests.LQ4329_ScheduleMessagePost -->
      <class name="com.livingtree.tests.LQ4328_MessagePost">
        <test-method status="PASS" signature="beforeMethod()[pri:0, instance:com.livingtree.tests.LQ4328_MessagePost@7c83dc97]" name="beforeMethod" is-config="true" duration-ms="1290" started-at="2021-12-14T20:26:58Z" finished-at="2021-12-14T20:26:59Z">
          <reporter-output>
          </reporter-output>
        </test-method> <!-- beforeMethod -->
        <test-method status="PASS" signature="test_LQ4328MessagePost(java.util.HashMap)[pri:0, instance:com.livingtree.tests.LQ4328_MessagePost@7c83dc97]" name="test_LQ4328MessagePost" duration-ms="388600" started-at="2021-12-14T20:26:59Z" description="Verify Overall Teacher Engagement Score" data-provider="getExcelTestData" finished-at="2021-12-14T20:33:27Z">
          <params>
            <param index="0">
              <value>
                <![CDATA[{FilePath=\src\test\resources\Files\Uploads\File\DistrictsToDelete.xlsx, GroupName=PK Homeroom, Comment1=Comment test by automation, StwoPParent=arnesia.s.carter@gmail.com, Comment2=Comment2 test by automation, VideoPath=\src\test\resources\Files\Uploads\Videos\video.mp4, StudentOne=525630@nnschools.org, Message=LQ-4328 test by Automation, Teacher=katherine.thomashel@nn.k12.va.us, Subject=LA-11993 LQ-4328, CountFES2=29, StwoSParent=arnesia.s.carter@gmail.com, CountFES1=14, ParentCountFES2=40, PhotoPath=\src\test\resources\Files\Uploads\Images\Car.jpg, TeacherFESScore=33, StudentTwo=526032@nnschools.org, SonePParent=jpatt0554@gmail.com, SoneSParent=jpatt0554@gmail.com, Principal=Lauren.Gray@nn.k12.va.us, TeacherName=Katherine Thomas Hellmuth, Password=JabDg$m6R@+6}]]>
              </value>
            </param>
          </params>
          <reporter-output>
          </reporter-output>
        </test-method> <!-- test_LQ4328MessagePost -->
        <test-method status="PASS" signature="afterMethod()[pri:0, instance:com.livingtree.tests.LQ4328_MessagePost@7c83dc97]" name="afterMethod" is-config="true" duration-ms="2550" started-at="2021-12-14T20:33:28Z" finished-at="2021-12-14T20:33:30Z">
          <reporter-output>
          </reporter-output>
        </test-method> <!-- afterMethod -->
      </class> <!-- com.livingtree.tests.LQ4328_MessagePost -->
      <class name="com.livingtree.tests.LQ4329_MessagePost">
        <test-method status="PASS" signature="beforeMethod()[pri:0, instance:com.livingtree.tests.LQ4329_MessagePost@65b3f4a4]" name="beforeMethod" is-config="true" duration-ms="1262" started-at="2021-12-14T21:33:52Z" finished-at="2021-12-14T21:33:53Z">
          <reporter-output>
          </reporter-output>
        </test-method> <!-- beforeMethod -->
        <test-method status="PASS" signature="test_LQ4329MessagePost(java.util.HashMap)[pri:0, instance:com.livingtree.tests.LQ4329_MessagePost@65b3f4a4]" name="test_LQ4329MessagePost" duration-ms="174989" started-at="2021-12-14T21:33:53Z" description="Verify the visibility of Engagement coefficient for a post (post score) in Conversations screen" data-provider="getExcelTestData" finished-at="2021-12-14T21:36:48Z">
          <params>
            <param index="0">
              <value>
                <![CDATA[{FilePath=\src\test\resources\Files\Uploads\File\DistrictsToDelete.xlsx, GroupName=PK Homeroom, Comment1=Comment test by automation, StwoPParent=arnesia.s.carter@gmail.com, Comment2=Comment2 test by automation, VideoPath=\src\test\resources\Files\Uploads\Videos\video.mp4, StudentOne=525630@nnschools.org, Message=LQ-4328 test by Automation, Teacher=katherine.thomashel@nn.k12.va.us, Subject=LA-11993 LQ-4328, CountFES2=29, StwoSParent=arnesia.s.carter@gmail.com, CountFES1=14, ParentCountFES2=40, PhotoPath=\src\test\resources\Files\Uploads\Images\Car.jpg, TeacherFESScore=33, StudentTwo=526032@nnschools.org, SonePParent=jpatt0554@gmail.com, SoneSParent=jpatt0554@gmail.com, Principal=katherine.thomashel@nn.k12.va.us, TeacherName=Katherine Thomas Hellmuth, Password=JabDg$m6R@+6}]]>
              </value>
            </param>
          </params>
          <reporter-output>
          </reporter-output>
        </test-method> <!-- test_LQ4329MessagePost -->
        <test-method status="PASS" signature="afterMethod()[pri:0, instance:com.livingtree.tests.LQ4329_MessagePost@65b3f4a4]" name="afterMethod" is-config="true" duration-ms="2562" started-at="2021-12-14T21:36:48Z" finished-at="2021-12-14T21:36:51Z">
          <reporter-output>
          </reporter-output>
        </test-method> <!-- afterMethod -->
      </class> <!-- com.livingtree.tests.LQ4329_MessagePost -->
      <class name="com.livingtree.tests.LQ3667">
        <test-method status="PASS" signature="beforeMethod()[pri:0, instance:com.livingtree.tests.LQ3667@57250572]" name="beforeMethod" is-config="true" duration-ms="1258" started-at="2021-12-14T19:12:06Z" finished-at="2021-12-14T19:12:07Z">
          <reporter-output>
          </reporter-output>
        </test-method> <!-- beforeMethod -->
        <test-method status="PASS" signature="test_LQ3667(java.util.HashMap)[pri:0, instance:com.livingtree.tests.LQ3667@57250572]" name="test_LQ3667" duration-ms="204799" started-at="2021-12-14T19:12:07Z" description="Verify recipeants in the To field if click on forward button" data-provider="getExcelTestData" finished-at="2021-12-14T19:15:32Z">
          <params>
            <param index="0">
              <value>
                <![CDATA[{GroupName=8_ALL, Comment1=Comment test by automation, FilePath=\src\test\resources\Files\Uploads\File\DistrictsToDelete.xlsx, Comment2=Comment2 test by automation, StudentOne=studentliveschool@mailinator.com, VideoPath=\src\test\resources\Files\Uploads\Videos\video.mp4, Message=message test by Automation, Teacher=William3.Blake3@mailinator.com, StudentTwoName=Zhendaya Beckwith, PrincipalName=Lauren Gray, Subject=Automation, CountFES2=29.0, CountFES1=14.0, PhotoPath=\src\test\resources\Files\Uploads\Images\Car.jpg, StudentTwo=526032@nnschools.org, StudentOneName=stuliveschool sliveschool, Principal=William3.Blake3@mailinator.com, TeacherName=William3 Blake3, Password=JabDg$m6R@+6}]]>
              </value>
            </param>
          </params>
          <reporter-output>
          </reporter-output>
        </test-method> <!-- test_LQ3667 -->
        <test-method status="PASS" signature="afterMethod()[pri:0, instance:com.livingtree.tests.LQ3667@57250572]" name="afterMethod" is-config="true" duration-ms="2551" started-at="2021-12-14T19:15:32Z" finished-at="2021-12-14T19:15:35Z">
          <reporter-output>
          </reporter-output>
        </test-method> <!-- afterMethod -->
      </class> <!-- com.livingtree.tests.LQ3667 -->
      <class name="com.livingtree.tests.LQ4327_SchedulePhotoPost">
        <test-method status="PASS" signature="beforeMethod()[pri:0, instance:com.livingtree.tests.LQ4327_SchedulePhotoPost@3571b748]" name="beforeMethod" is-config="true" duration-ms="1252" started-at="2021-12-14T20:03:22Z" finished-at="2021-12-14T20:03:23Z">
          <reporter-output>
          </reporter-output>
        </test-method> <!-- beforeMethod -->
        <test-method status="PASS" signature="test_LQ4327SchedulePhotoPost(java.util.HashMap)[pri:0, instance:com.livingtree.tests.LQ4327_SchedulePhotoPost@3571b748]" name="test_LQ4327SchedulePhotoPost" duration-ms="369033" started-at="2021-12-14T20:03:23Z" description="Verify &#039;Engagement coefficient&#039; (post score) for a post" data-provider="getExcelTestData" finished-at="2021-12-14T20:09:32Z">
          <params>
            <param index="0">
              <value>
                <![CDATA[{GroupName=PK Homeroom, Comment1=Comment test by automation, FilePath=\src\test\resources\Files\Uploads\File\DistrictsToDelete.xlsx, Comment2=Comment2 test by automation, StudentOne=525630@nnschools.org, VideoPath=\src\test\resources\Files\Uploads\Videos\video.mp4, Message=LQ-4327 test by Automation, Teacher=katherine.thomashel@nn.k12.va.us, Subject=LA-11993 LQ-4327, CountFES2=14, CountFES1=7, PhotoPath=\src\test\resources\Files\Uploads\Images\Car.jpg, StudentTwo=526032@nnschools.org, Password=JabDg$m6R@+6}]]>
              </value>
            </param>
          </params>
          <reporter-output>
          </reporter-output>
        </test-method> <!-- test_LQ4327SchedulePhotoPost -->
        <test-method status="PASS" signature="afterMethod()[pri:0, instance:com.livingtree.tests.LQ4327_SchedulePhotoPost@3571b748]" name="afterMethod" is-config="true" duration-ms="2547" started-at="2021-12-14T20:09:32Z" finished-at="2021-12-14T20:09:35Z">
          <reporter-output>
          </reporter-output>
        </test-method> <!-- afterMethod -->
      </class> <!-- com.livingtree.tests.LQ4327_SchedulePhotoPost -->
      <class name="com.livingtree.tests.LQ1929">
        <test-method status="PASS" signature="beforeMethod()[pri:0, instance:com.livingtree.tests.LQ1929@7a675056]" name="beforeMethod" is-config="true" duration-ms="1259" started-at="2021-12-14T18:19:28Z" finished-at="2021-12-14T18:19:29Z">
          <reporter-output>
          </reporter-output>
        </test-method> <!-- beforeMethod -->
        <test-method status="PASS" signature="test_LQ1929(java.util.HashMap)[pri:0, instance:com.livingtree.tests.LQ1929@7a675056]" name="test_LQ1929" duration-ms="89647" started-at="2021-12-14T18:19:29Z" description="Students should not be able to message their class mates" data-provider="getExcelTestData" finished-at="2021-12-14T18:20:59Z">
          <params>
            <param index="0">
              <value>
                <![CDATA[{Parentname=Dalya Gamil, Student=525630@nnschools.org, Password=JabDg$m6R@+6}]]>
              </value>
            </param>
          </params>
          <reporter-output>
          </reporter-output>
        </test-method> <!-- test_LQ1929 -->
        <test-method status="PASS" signature="afterMethod()[pri:0, instance:com.livingtree.tests.LQ1929@7a675056]" name="afterMethod" is-config="true" duration-ms="2562" started-at="2021-12-14T18:20:59Z" finished-at="2021-12-14T18:21:02Z">
          <reporter-output>
          </reporter-output>
        </test-method> <!-- afterMethod -->
      </class> <!-- com.livingtree.tests.LQ1929 -->
      <class name="com.livingtree.tests.LQ4327_MessagePost">
        <test-method status="PASS" signature="beforeMethod()[pri:0, instance:com.livingtree.tests.LQ4327_MessagePost@32910148]" name="beforeMethod" is-config="true" duration-ms="1259" started-at="2021-12-14T19:42:32Z" finished-at="2021-12-14T19:42:33Z">
          <reporter-output>
          </reporter-output>
        </test-method> <!-- beforeMethod -->
        <test-method status="PASS" signature="test_LQ4327MessagePost(java.util.HashMap)[pri:0, instance:com.livingtree.tests.LQ4327_MessagePost@32910148]" name="test_LQ4327MessagePost" duration-ms="211714" started-at="2021-12-14T19:42:33Z" description="Verify &#039;Engagement coefficient&#039; (post score) for a post" data-provider="getExcelTestData" finished-at="2021-12-14T19:46:05Z">
          <params>
            <param index="0">
              <value>
[...]
        </test-method> <!-- test_LQ5188 -->
        <test-method status="PASS" signature="afterMethod()[pri:0, instance:com.livingtree.tests.LQ5188@36d585c]" name="afterMethod" is-config="true" duration-ms="2547" started-at="2021-12-14T23:21:42Z" finished-at="2021-12-14T23:21:45Z">
          <reporter-output>
          </reporter-output>
        </test-method> <!-- afterMethod -->
      </class> <!-- com.livingtree.tests.LQ5188 -->
      <class name="com.livingtree.tests.LQ2752">
        <test-method status="PASS" signature="beforeMethod()[pri:0, instance:com.livingtree.tests.LQ2752@3098cf3b]" name="beforeMethod" is-config="true" duration-ms="1481" started-at="2021-12-14T19:00:31Z" finished-at="2021-12-14T19:00:32Z">
          <reporter-output>
          </reporter-output>
        </test-method> <!-- beforeMethod -->
        <test-method status="PASS" signature="test_LQ2572(java.util.HashMap)[pri:0, instance:com.livingtree.tests.LQ2752@3098cf3b]" name="test_LQ2572" duration-ms="201411" started-at="2021-12-14T19:00:32Z" description="Updation of single event by turning Allert all ON to OFF" data-provider="getExcelTestData" finished-at="2021-12-14T19:03:54Z">
          <params>
            <param index="0">
              <value>
                <![CDATA[{Descrpt=reminder event check, ParentName1=trowarianar@gmail.com, location=Bangalore, eventType=LQ2752 reminder event edit, TeacherName=katherine.thomashel@nn.k12.va.us, Password=JabDg$m6R@+6}]]>
              </value>
            </param>
          </params>
          <reporter-output>
          </reporter-output>
        </test-method> <!-- test_LQ2572 -->
        <test-method status="PASS" signature="afterMethod()[pri:0, instance:com.livingtree.tests.LQ2752@3098cf3b]" name="afterMethod" is-config="true" duration-ms="2539" started-at="2021-12-14T19:03:54Z" finished-at="2021-12-14T19:03:56Z">
          <reporter-output>
          </reporter-output>
        </test-method> <!-- afterMethod -->
      </class> <!-- com.livingtree.tests.LQ2752 -->
      <class name="com.livingtree.tests.LQ4327_FilePost">
        <test-method status="PASS" signature="beforeMethod()[pri:0, instance:com.livingtree.tests.LQ4327_FilePost@672872e1]" name="beforeMethod" is-config="true" duration-ms="1265" started-at="2021-12-14T19:38:07Z" finished-at="2021-12-14T19:38:08Z">
          <reporter-output>
          </reporter-output>
        </test-method> <!-- beforeMethod -->
        <test-method status="PASS" signature="test_LQ4327FilePost(java.util.HashMap)[pri:0, instance:com.livingtree.tests.LQ4327_FilePost@672872e1]" name="test_LQ4327FilePost" duration-ms="260957" started-at="2021-12-14T19:38:08Z" description="Verify &#039;Engagement coefficient&#039; (post score) for a post" data-provider="getExcelTestData" finished-at="2021-12-14T19:42:29Z">
          <params>
            <param index="0">
              <value>
                <![CDATA[{GroupName=PK Homeroom, Comment1=Comment test by automation, FilePath=\src\test\resources\Files\Uploads\File\DistrictsToDelete.xlsx, Comment2=Comment2 test by automation, StudentOne=525630@nnschools.org, VideoPath=\src\test\resources\Files\Uploads\Videos\video.mp4, Message=LQ-4327 test by Automation, Teacher=katherine.thomashel@nn.k12.va.us, Subject=LA-11993 LQ-4327, CountFES2=14, CountFES1=7, PhotoPath=\src\test\resources\Files\Uploads\Images\Car.jpg, StudentTwo=526032@nnschools.org, Password=JabDg$m6R@+6}]]>
              </value>
            </param>
          </params>
          <reporter-output>
          </reporter-output>
        </test-method> <!-- test_LQ4327FilePost -->
        <test-method status="PASS" signature="afterMethod()[pri:0, instance:com.livingtree.tests.LQ4327_FilePost@672872e1]" name="afterMethod" is-config="true" duration-ms="2547" started-at="2021-12-14T19:42:29Z" finished-at="2021-12-14T19:42:32Z">
          <reporter-output>
          </reporter-output>
        </test-method> <!-- afterMethod -->
      </class> <!-- com.livingtree.tests.LQ4327_FilePost -->
      <class name="com.livingtree.tests.LQ5300">
        <test-method status="PASS" signature="beforeMethod()[pri:0, instance:com.livingtree.tests.LQ5300@53aad5d5]" name="beforeMethod" is-config="true" duration-ms="1255" started-at="2021-12-14T23:41:56Z" finished-at="2021-12-14T23:41:57Z">
          <reporter-output>
          </reporter-output>
        </test-method> <!-- beforeMethod -->
        <test-method status="PASS" signature="test_LQ5300(java.util.HashMap)[pri:0, instance:com.livingtree.tests.LQ5300@53aad5d5]" name="test_LQ5300" duration-ms="128538" started-at="2021-12-14T23:41:57Z" description="TC-Improved Inbox/Messaging | Need to be able to pull up a list of multiple recipients and send a group direct message" data-provider="getExcelTestData" finished-at="2021-12-14T23:44:05Z">
          <params>
            <param index="0">
              <value>
                <![CDATA[{UserName=gill01.john01@mailinator.com, recipient1=teacher, ToBCC=teacher2, subject=TESTAUTOMATION, ToCC=teacher1, message=Test, Password=JabDg$m6R@+6}]]>
              </value>
            </param>
          </params>
          <reporter-output>
          </reporter-output>
        </test-method> <!-- test_LQ5300 -->
        <test-method status="PASS" signature="afterMethod()[pri:0, instance:com.livingtree.tests.LQ5300@53aad5d5]" name="afterMethod" is-config="true" duration-ms="2547" started-at="2021-12-14T23:44:05Z" finished-at="2021-12-14T23:44:08Z">
          <reporter-output>
          </reporter-output>
        </test-method> <!-- afterMethod -->
      </class> <!-- com.livingtree.tests.LQ5300 -->
      <class name="com.livingtree.tests.LQ4327_VideoPost">
        <test-method status="PASS" signature="beforeMethod()[pri:0, instance:com.livingtree.tests.LQ4327_VideoPost@484970b0]" name="beforeMethod" is-config="true" duration-ms="1407" started-at="2021-12-14T20:13:59Z" finished-at="2021-12-14T20:14:01Z">
          <reporter-output>
          </reporter-output>
        </test-method> <!-- beforeMethod -->
        <test-method status="PASS" signature="test_LQ4327VideoPost(java.util.HashMap)[pri:0, instance:com.livingtree.tests.LQ4327_VideoPost@484970b0]" name="test_LQ4327VideoPost" duration-ms="307934" started-at="2021-12-14T20:14:01Z" description="Verify &#039;Engagement coefficient&#039; (post score) for a post" data-provider="getExcelTestData" finished-at="2021-12-14T20:19:09Z">
          <params>
            <param index="0">
              <value>
                <![CDATA[{GroupName=PK Homeroom, Comment1=Comment test by automation, FilePath=\src\test\resources\Files\Uploads\File\DistrictsToDelete.xlsx, Comment2=Comment2 test by automation, StudentOne=525630@nnschools.org, VideoPath=\src\test\resources\Files\Uploads\Videos\video.mp4, Message=LQ-4327 test by Automation, Teacher=katherine.thomashel@nn.k12.va.us, Subject=LA-11993 LQ-4327, CountFES2=14, CountFES1=7, PhotoPath=\src\test\resources\Files\Uploads\Images\Car.jpg, StudentTwo=526032@nnschools.org, Password=JabDg$m6R@+6}]]>
              </value>
            </param>
          </params>
          <reporter-output>
          </reporter-output>
        </test-method> <!-- test_LQ4327VideoPost -->
        <test-method status="PASS" signature="afterMethod()[pri:0, instance:com.livingtree.tests.LQ4327_VideoPost@484970b0]" name="afterMethod" is-config="true" duration-ms="2562" started-at="2021-12-14T20:19:09Z" finished-at="2021-12-14T20:19:12Z">
          <reporter-output>
          </reporter-output>
        </test-method> <!-- afterMethod -->
      </class> <!-- com.livingtree.tests.LQ4327_VideoPost -->
      <class name="com.livingtree.tests.LQ4328_ScheduleVideoPost">
        <test-method status="PASS" signature="beforeMethod()[pri:0, instance:com.livingtree.tests.LQ4328_ScheduleVideoPost@60015ef5]" name="beforeMethod" is-config="true" duration-ms="1286" started-at="2021-12-14T21:08:40Z" finished-at="2021-12-14T21:08:41Z">
          <reporter-output>
          </reporter-output>
        </test-method> <!-- beforeMethod -->
        <test-method status="PASS" signature="test_LQ4328ScheduleVideoPost(java.util.HashMap)[pri:0, instance:com.livingtree.tests.LQ4328_ScheduleVideoPost@60015ef5]" name="test_LQ4328ScheduleVideoPost" duration-ms="549821" started-at="2021-12-14T21:08:41Z" description="Verify Overall Teacher Engagement Score" data-provider="getExcelTestData" finished-at="2021-12-14T21:17:51Z">
          <params>
            <param index="0">
              <value>
                <![CDATA[{FilePath=\src\test\resources\Files\Uploads\File\DistrictsToDelete.xlsx, GroupName=PK Homeroom, Comment1=Comment test by automation, StwoPParent=arnesia.s.carter@gmail.com, Comment2=Comment2 test by automation, VideoPath=\src\test\resources\Files\Uploads\Videos\video.mp4, StudentOne=525630@nnschools.org, Message=LQ-4328 test by Automation, Teacher=katherine.thomashel@nn.k12.va.us, Subject=LA-11993 LQ-4328, CountFES2=29, StwoSParent=arnesia.s.carter@gmail.com, CountFES1=14, ParentCountFES2=40, PhotoPath=\src\test\resources\Files\Uploads\Images\Car.jpg, TeacherFESScore=33, StudentTwo=526032@nnschools.org, SonePParent=jpatt0554@gmail.com, SoneSParent=jpatt0554@gmail.com, Principal=Lauren.Gray@nn.k12.va.us, TeacherName=Katherine Thomas Hellmuth, Password=JabDg$m6R@+6}]]>
              </value>
            </param>
          </params>
          <reporter-output>
          </reporter-output>
        </test-method> <!-- test_LQ4328ScheduleVideoPost -->
        <test-method status="PASS" signature="afterMethod()[pri:0, instance:com.livingtree.tests.LQ4328_ScheduleVideoPost@60015ef5]" name="afterMethod" is-config="true" duration-ms="2546" started-at="2021-12-14T21:17:51Z" finished-at="2021-12-14T21:17:54Z">
          <reporter-output>
          </reporter-output>
        </test-method> <!-- afterMethod -->
      </class> <!-- com.livingtree.tests.LQ4328_ScheduleVideoPost -->
      <class name="com.livingtree.tests.LQ5307">
        <test-method status="PASS" signature="beforeMethod()[pri:0, instance:com.livingtree.tests.LQ5307@46fa7c39]" name="beforeMethod" is-config="true" duration-ms="1266" started-at="2021-12-14T23:44:08Z" finished-at="2021-12-14T23:44:09Z">
          <reporter-output>
          </reporter-output>
        </test-method> <!-- beforeMethod -->
        <test-method status="PASS" signature="test_LQ5307(java.util.HashMap)[pri:0, instance:com.livingtree.tests.LQ5307@46fa7c39]" name="test_LQ5307" duration-ms="46230" started-at="2021-12-14T23:44:09Z" description="UI/UX | Within My Network, I need to be able to search for other users and see their profile" data-provider="getExcelTestData" finished-at="2021-12-14T23:44:56Z">
          <params>
            <param index="0">
              <value>
                <![CDATA[{name=parent, UserName=gill01.john01@mailinator.com, Password=JabDg$m6R@+6}]]>
              </value>
            </param>
          </params>
          <reporter-output>
          </reporter-output>
        </test-method> <!-- test_LQ5307 -->
        <test-method status="PASS" signature="afterMethod()[pri:0, instance:com.livingtree.tests.LQ5307@46fa7c39]" name="afterMethod" is-config="true" duration-ms="2550" started-at="2021-12-14T23:44:56Z" finished-at="2021-12-14T23:44:58Z">
          <reporter-output>
          </reporter-output>
        </test-method> <!-- afterMethod -->
      </class> <!-- com.livingtree.tests.LQ5307 -->
      <class name="com.livingtree.tests.LQ4736">
        <test-method status="PASS" signature="beforeMethod()[pri:0, instance:com.livingtree.tests.LQ4736@157853da]" name="beforeMethod" is-config="true" duration-ms="1505" started-at="2021-12-14T22:45:23Z" finished-at="2021-12-14T22:45:24Z">
          <reporter-output>
          </reporter-output>
        </test-method> <!-- beforeMethod -->
        <test-method status="PASS" signature="test_LQ4736(java.util.HashMap)[pri:0, instance:com.livingtree.tests.LQ4736@157853da]" name="test_LQ4736" duration-ms="79110" started-at="2021-12-14T22:45:24Z" description="Edlio Engage User: Problem uploading profile photo" data-provider="getExcelTestData" finished-at="2021-12-14T22:46:43Z">
          <params>
            <param index="0">
              <value>
                <![CDATA[{PhotoPath=\src\test\resources\Files\Uploads\Images\Android.jpg, email=crystal.voth@k12.nd.us, Password=JabDg$m6R@+6}]]>
              </value>
            </param>
          </params>
          <reporter-output>
          </reporter-output>
        </test-method> <!-- test_LQ4736 -->
        <test-method status="PASS" signature="afterMethod()[pri:0, instance:com.livingtree.tests.LQ4736@157853da]" name="afterMethod" is-config="true" duration-ms="2547" started-at="2021-12-14T22:46:43Z" finished-at="2021-12-14T22:46:46Z">
          <reporter-output>
          </reporter-output>
        </test-method> <!-- afterMethod -->
      </class> <!-- com.livingtree.tests.LQ4736 -->
      <class name="com.livingtree.tests.LQ4539">
        <test-method status="PASS" signature="beforeMethod()[pri:0, instance:com.livingtree.tests.LQ4539@574b560f]" name="beforeMethod" is-config="true" duration-ms="1341" started-at="2021-12-14T22:29:49Z" finished-at="2021-12-14T22:29:50Z">
          <reporter-output>
          </reporter-output>
        </test-method> <!-- beforeMethod -->
        <test-method status="PASS" signature="test_LQ4539(java.util.HashMap)[pri:0, instance:com.livingtree.tests.LQ4539@574b560f]" name="test_LQ4539" duration-ms="96424" started-at="2021-12-14T22:29:50Z" description="ADD To Layer" data-provider="getExcelTestData" finished-at="2021-12-14T22:31:27Z">
          <params>
            <param index="0">
              <value>
                <![CDATA[{new_user_value_y=Y, UserName=Alisha Johnson, filepath=\src\test\resources\Files\Uploads\File\LA-12984.csv, Distric_admin=jclay@asdms.us, button_name_value_teacher=Invite Classroom Teacher, SchoolName=Aberdeen High School, button_name_value_other=Add Others, env=mapleauto, Username_email=johnson.1233637@student.livingtree.com, Password=JabDg$m6R@+6, new_user_value_n=N}]]>
              </value>
            </param>
          </params>
          <reporter-output>
          </reporter-output>
        </test-method> <!-- test_LQ4539 -->
        <test-method status="PASS" signature="afterMethod()[pri:0, instance:com.livingtree.tests.LQ4539@574b560f]" name="afterMethod" is-config="true" duration-ms="2550" started-at="2021-12-14T22:31:27Z" finished-at="2021-12-14T22:31:29Z">
          <reporter-output>
          </reporter-output>
        </test-method> <!-- afterMethod -->
      </class> <!-- com.livingtree.tests.LQ4539 -->
      <class name="com.livingtree.tests.LQ4737">
        <test-method status="PASS" signature="beforeMethod()[pri:0, instance:com.livingtree.tests.LQ4737@71c3b41]" name="beforeMethod" is-config="true" duration-ms="1278" started-at="2021-12-14T22:46:46Z" finished-at="2021-12-14T22:46:47Z">
          <reporter-output>
          </reporter-output>
        </test-method> <!-- beforeMethod -->
        <test-method status="PASS" signature="test_LQ4737(java.util.HashMap)[pri:0, instance:com.livingtree.tests.LQ4737@71c3b41]" name="test_LQ4737" duration-ms="62578" started-at="2021-12-14T22:46:47Z" description="TC-Mirrored Groups: UI to split a group" data-provider="getExcelTestData" finished-at="2021-12-14T22:47:50Z">
          <params>
            <param index="0">
              <value>
                <![CDATA[{groupowner_phone=3.309474892E9, groupowner_first_name=chinmoy, User_name=parent1james@mailinator.com, group_owner_mail_id=chinmoy.saha100@mailinator.com, family_name=p1james Family, Password=JabDg$m6R@+6, groupowner_last_name=saha}]]>
              </value>
            </param>
          </params>
          <reporter-output>
          </reporter-output>
        </test-method> <!-- test_LQ4737 -->
        <test-method status="PASS" signature="afterMethod()[pri:0, instance:com.livingtree.tests.LQ4737@71c3b41]" name="afterMethod" is-config="true" duration-ms="2578" started-at="2021-12-14T22:47:50Z" finished-at="2021-12-14T22:47:52Z">
          <reporter-output>
          </reporter-output>
        </test-method> <!-- afterMethod -->
      </class> <!-- com.livingtree.tests.LQ4737 -->
      <class name="com.livingtree.tests.LQ5190">
        <test-method status="PASS" signature="beforeMethod()[pri:0, instance:com.livingtree.tests.LQ5190@87a85e1]" name="beforeMethod" is-config="true" duration-ms="1276" started-at="2021-12-14T23:21:45Z" finished-at="2021-12-14T23:21:46Z">
          <reporter-output>
          </reporter-output>
        </test-method> <!-- beforeMethod -->
        <test-method status="PASS" signature="test_LQ5190(java.util.HashMap)[pri:0, instance:com.livingtree.tests.LQ5190@87a85e1]" name="test_LQ5190" duration-ms="132593" started-at="2021-12-14T23:21:46Z" description="Improved Inbox/Messaging | I need to be able to search for inbox messages." data-provider="getExcelTestData" finished-at="2021-12-14T23:23:59Z">
          <params>
            <param index="0">
              <value>
                <![CDATA[{FilePath=\src\test\resources\Files\Uploads\Images\Car.jpg, Username1=teacher2james@mailinator.com, UserName=gill01.john01@mailinator.com, Message=Test Automation LM913, SearchName=gill01, Recipient1=teacher1, Recipient2=teacher2, Subject=Test LM913, Password=JabDg$m6R@+6}]]>
              </value>
            </param>
          </params>
          <reporter-output>
          </reporter-output>
        </test-method> <!-- test_LQ5190 -->
        <test-method status="PASS" signature="afterMethod()[pri:0, instance:com.livingtree.tests.LQ5190@87a85e1]" name="afterMethod" is-config="true" duration-ms="2562" started-at="2021-12-14T23:23:59Z" finished-at="2021-12-14T23:24:01Z">
          <reporter-output>
          </reporter-output>
        </test-method> <!-- afterMethod -->
      </class> <!-- com.livingtree.tests.LQ5190 -->
      <class name="com.livingtree.tests.LQ4819">
        <test-method status="PASS" signature="beforeMethod()[pri:0, instance:com.livingtree.tests.LQ4819@236e3f4e]" name="beforeMethod" is-config="true" duration-ms="1261" started-at="2021-12-14T22:47:53Z" finished-at="2021-12-14T22:47:54Z">
          <reporter-output>
          </reporter-output>
        </test-method> <!-- beforeMethod -->
        <test-method status="PASS" signature="test_LQ4819(java.util.HashMap)[pri:0, instance:com.livingtree.tests.LQ4819@236e3f4e]" name="test_LQ4819" duration-ms="471381" started-at="2021-12-14T22:47:54Z" description="Reschedule option for a schedule post during edit of a schedule post, the post still displayed as scheduled." data-provider="getExcelTestData" finished-at="2021-12-14T22:55:45Z">
          <params>
            <param index="0">
              <value>
                <![CDATA[{GroupName=PK Homeroom, Comment1=Comment test by automation, FilePath=\src\test\resources\Files\Uploads\File\DistrictsToDelete.xlsx, Comment2=Comment2 test by automation, StudentOne=525630@nnschools.org, VideoPath=\src\test\resources\Files\Uploads\Videos\video.mp4, Message=LQ-4327 test by Automation, Teacher=katherine.thomashel@nn.k12.va.us, Subject=LA-11993 LQ-4327, CountFES2=14, CountFES1=7, PhotoPath=\src\test\resources\Files\Uploads\Images\Car.jpg, StudentTwo=526032@nnschools.org, Password=JabDg$m6R@+6}]]>
              </value>
            </param>
          </params>
          <reporter-output>
          </reporter-output>
        </test-method> <!-- test_LQ4819 -->
        <test-method status="PASS" signature="afterMethod()[pri:0, instance:com.livingtree.tests.LQ4819@236e3f4e]" name="afterMethod" is-config="true" duration-ms="2562" started-at="2021-12-14T22:55:46Z" finished-at="2021-12-14T22:55:48Z">
          <reporter-output>
          </reporter-output>
        </test-method> <!-- afterMethod -->
      </class> <!-- com.livingtree.tests.LQ4819 -->
    </test> <!-- Sprint-Tests -->
  </suite> <!-- Sprint -->
</testng-results>
